<?xml version="1.0" encoding="utf-8"?><testsuites name="pytest tests"><testsuite name="pytest" errors="0" failures="0" skipped="0" tests="14" time="2.877" timestamp="2026-08-21T23:30:52.722103+00:00" hostname="agent-env-a8d2d342-f923-48b7-b208-bce3ecca5aec"><testcase classname="tests.test_abc_supply_p2_api.TestAbcPO" name="test_01_create_abc_po" time="1.098" /><testcase classname="tests.test_abc_supply_p2_api.TestPricing" name="test_standard_priced" time="1.220" /><testcase classname="tests.test_abc_supply_p2_api.TestAbcPO" name="test_02_refresh_price_apply" time="0.299" /><testcase classname="tests.test_abc_supply_p2_api.TestPricing" name="test_zero_price_unavailable" time="0.156" /><testcase classname="tests.test_abc_supply_p2_api.TestPricing" name="test_dimensional_requires_length" time="0.268" /><testcase classname="tests.test_abc_supply_p2_api.TestAbcPO" name="test_03_refresh_non_abc_returns_400" time="0.313" /><testcase classname="tests.test_abc_supply_p2_api.TestPricing" name="test_unknown_item_unavailable" time="0.155" /><testcase classname="tests.test_abc_supply_p2_api.TestProductSearch" name="test_search_branch_18_returns_items" time="0.168" /><testcase classname="tests.test_abc_supply_p2_api.TestProductSearch" name="test_branch_409_filters_underlayment" time="0.284" /><testcase classname="tests.test_abc_supply_p2_api.TestRBACPhase2" name="test_sales_forbidden_search" time="0.478" /><testcase classname="tests.test_abc_supply_p2_api.TestGenericPORegression" name="test_create_generic_po" time="0.135" /><testcase classname="tests.test_abc_supply_p2_api.TestRBACPhase2" name="test_sales_forbidden_pricing" time="0.129" /><testcase classname="tests.test_abc_supply_p2_api.TestGenericPORegression" name="test_list_purchase_orders" time="0.131" /><testcase classname="tests.test_abc_supply_p2_api.TestProductDetails" name="test_dimensional_flag" time="0.136" /></testsuite></testsuites>