<?xml version="1.0" encoding="utf-8"?><testsuites name="pytest tests"><testsuite name="pytest" errors="0" failures="0" skipped="0" tests="142" time="162.624" timestamp="2026-09-07T04:07:13.983207+00:00" hostname="agent-env-2755af5b-c396-4251-8f04-de7c1f652907"><testcase classname="tests.test_abc_creation_paths_e2e" name="test_direct_create_confirms" time="2.246" /><testcase classname="tests.test_abc_creation_paths_e2e" name="test_reorder_suggestions_style_confirms" time="0.520" /><testcase classname="tests.test_abc_creation_paths_e2e" name="test_reorder_suggestions_unmapped_downgrades" time="0.417" /><testcase classname="tests.test_abc_creation_paths_e2e" name="test_jobmaterialplan_style_confirms" time="0.538" /><testcase classname="tests.test_abc_creation_paths_e2e" name="test_from_abc_template_confirms" time="0.634" /><testcase classname="tests.test_abc_creation_paths_e2e" name="test_line_rejection_mock_reject" time="0.670" /><testcase classname="tests.test_abc_creation_paths_e2e" name="test_timeout_yields_unknown_then_reconcile" time="1.239" /><testcase classname="tests.test_abc_creation_paths_e2e" name="test_idempotent_same_submission_key" time="0.835" /><testcase classname="tests.test_abc_creation_paths_e2e" name="test_preflight_blocks[CREDITHOLD1163698-18-needles0]" time="0.356" /><testcase classname="tests.test_abc_creation_paths_e2e" name="test_preflight_blocks[9999999-18-needles1]" time="0.334" /><testcase classname="tests.test_abc_creation_paths_e2e" name="test_preflight_blocks[NOBRANCH1163698-18-needles2]" time="0.342" /><testcase classname="tests.test_abc_creation_paths_e2e" name="test_preflight_blocks[MISSING1163698-18-needles3]" time="0.312" /><testcase classname="tests.test_abc_creation_paths_e2e" name="test_preflight_retry_after_switch_back_succeeds" time="0.986" /><testcase classname="tests.test_abc_creation_paths_e2e" name="test_short_delivery_instructions_go_into_deliveryAppointment" time="0.586" /><testcase classname="tests.test_abc_creation_paths_e2e" name="test_long_delivery_instructions_overflow_into_orderComments_D" time="0.631" /><testcase classname="tests.test_abc_creation_paths_e2e" name="test_price_changed_without_accept_and_confirmed_with_accept" time="0.882" /><testcase classname="tests.test_abc_orderability_preflight" name="test_happy_path_default_ship_to_confirms" time="1.775" /><testcase classname="tests.test_abc_orderability_preflight" name="test_credit_hold_blocks_submit" time="0.383" /><testcase classname="tests.test_abc_orderability_preflight" name="test_inactive_ship_to_blocks_submit" time="0.336" /><testcase classname="tests.test_abc_orderability_preflight" name="test_branch_not_associated_blocks_submit" time="0.354" /><testcase classname="tests.test_abc_orderability_preflight" name="test_missing_ship_to_blocks_submit" time="65.548" /><testcase classname="tests.test_abc_orderability_preflight" name="test_blocked_submit_leaves_no_stuck_pending_and_retry_works" time="0.926" /><testcase classname="tests.test_abc_place_order_contract" name="test_contract_version_present" time="0.000" /><testcase classname="tests.test_abc_place_order_contract" name="test_documented_minimal_order_valid" time="0.000" /><testcase classname="tests.test_abc_place_order_contract" name="test_documented_order_with_dates_and_TR_appointment_valid" time="0.000" /><testcase classname="tests.test_abc_place_order_contract" name="test_documented_order_comments_and_line_comments_valid" time="0.000" /><testcase classname="tests.test_abc_place_order_contract" name="test_reject_bare_comments_string" time="0.000" /><testcase classname="tests.test_abc_place_order_contract" name="test_reject_line_comment_as_string" time="0.000" /><testcase classname="tests.test_abc_place_order_contract" name="test_reject_line_comment_as_list" time="0.000" /><testcase classname="tests.test_abc_place_order_contract" name="test_reject_dates_delivery_appointment_time" time="0.000" /><testcase classname="tests.test_abc_place_order_contract" name="test_reject_unsupported_delivery_service" time="0.000" /><testcase classname="tests.test_abc_place_order_contract" name="test_reject_appointment_bad_code" time="0.000" /><testcase classname="tests.test_abc_place_order_contract" name="test_reject_ST_without_fromtime" time="0.000" /><testcase classname="tests.test_abc_place_order_contract" name="test_reject_TR_without_totime" time="0.000" /><testcase classname="tests.test_abc_place_order_contract" name="test_reject_instructions_over_255" time="0.000" /><testcase classname="tests.test_abc_place_order_contract" name="test_reject_missing_required_fields" time="0.000" /><testcase classname="tests.test_abc_place_order_contract" name="test_reject_line_missing_ordered_qty" time="0.000" /><testcase classname="tests.test_abc_mock_strictness_http" name="test_valid_documented_order_returns_mock_conf" time="0.247" /><testcase classname="tests.test_abc_mock_strictness_http" name="test_reject_unsupported_delivery_service[WCL]" time="0.131" /><testcase classname="tests.test_abc_mock_strictness_http" name="test_reject_unsupported_delivery_service[OTB]" time="0.139" /><testcase classname="tests.test_abc_mock_strictness_http" name="test_reject_unsupported_delivery_service[ZZZ]" time="0.118" /><testcase classname="tests.test_abc_mock_strictness_http" name="test_reject_bare_comments_string" time="0.118" /><testcase classname="tests.test_abc_mock_strictness_http" name="test_reject_line_comment_as_string" time="0.118" /><testcase classname="tests.test_abc_mock_strictness_http" name="test_reject_line_comment_as_list" time="0.126" /><testcase classname="tests.test_abc_mock_strictness_http" name="test_reject_dates_delivery_appointment_time" time="0.179" /><testcase classname="tests.test_abc_mock_strictness_http" name="test_reject_bad_appointment_type_code" time="0.120" /><testcase classname="tests.test_abc_mock_strictness_http" name="test_reject_ST_without_fromtime" time="0.115" /><testcase classname="tests.test_abc_mock_strictness_http" name="test_reject_TR_without_totime" time="0.203" /><testcase classname="tests.test_abc_mock_strictness_http" name="test_reject_instructions_over_255" time="0.165" /><testcase classname="tests.test_abc_mock_strictness_http" name="test_reject_missing_ship_to_number" time="0.115" /><testcase classname="tests.test_abc_mock_strictness_http" name="test_reject_po_over_20_chars" time="0.120" /><testcase classname="tests.test_abc_order_comments_contract.TestRoofSpanBuildsCorrectShape" name="test_order_level_comment_succeeds" time="1.882" /><testcase classname="tests.test_abc_order_comments_contract.TestRoofSpanBuildsCorrectShape" name="test_line_level_comment_succeeds" time="0.378" /><testcase classname="tests.test_abc_order_comments_contract.TestRoofSpanBuildsCorrectShape" name="test_no_comments_regression" time="0.420" /><testcase classname="tests.test_abc_order_comments_contract.TestRoofSpanBuildsCorrectShape" name="test_both_order_and_line_comments_succeed" time="0.414" /><testcase classname="tests.test_abc_order_comments_contract.TestMockValidatorRejectsLegacyShape" name="test_reject_bare_comments_string_at_order_level" time="0.268" /><testcase classname="tests.test_abc_order_comments_contract.TestMockValidatorRejectsLegacyShape" name="test_reject_ordercomments_missing_description" time="0.122" /><testcase classname="tests.test_abc_order_comments_contract.TestMockValidatorRejectsLegacyShape" name="test_reject_ordercomments_invalid_code" time="0.114" /><testcase classname="tests.test_abc_order_comments_contract.TestMockValidatorRejectsLegacyShape" name="test_reject_line_comments_as_bare_string" time="0.167" /><testcase classname="tests.test_abc_order_comments_contract.TestMockValidatorRejectsLegacyShape" name="test_reject_line_comment_invalid_code" time="0.204" /><testcase classname="tests.test_abc_order_comments_contract.TestMockValidatorRejectsLegacyShape" name="test_reject_line_comment_as_list" time="0.140" /><testcase classname="tests.test_abc_order_comments_contract.TestMockValidatorRejectsLegacyShape" name="test_accept_correct_shape_H_order_D_line" time="0.168" /><testcase classname="tests.test_abc_order_comments_contract.TestMockValidatorRejectsLegacyShape" name="test_accept_footer_code_F" time="0.116" /><testcase classname="tests.test_abc_order_comments_contract.TestMockValidatorRejectsLegacyShape" name="test_accept_no_comments" time="0.138" /><testcase classname="tests.test_abc_po_setup_warning" name="test_positive_abc_po_is_fully_populated_and_submittable" time="1.778" /><testcase classname="tests.test_abc_po_setup_warning" name="test_unmapped_material_downgrades_to_standard_draft" time="0.247" /><testcase classname="tests.test_abc_po_setup_warning" name="test_missing_defaults_downgrades_even_if_mapped" time="0.426" /><testcase classname="tests.test_abc_po_setup_warning" name="test_normal_po_regression_no_warning_and_passthrough" time="0.122" /><testcase classname="tests.test_abc_po_jobmaterialplan_body" name="test_jmp_body_no_ship_to_uses_defaults_and_is_submittable" time="1.857" /><testcase classname="tests.test_abc_po_jobmaterialplan_body" name="test_jmp_body_missing_defaults_downgrades" time="0.375" /><testcase classname="tests.test_abc_po_jobmaterialplan_body" name="test_explicit_po_ship_to_branch_not_overwritten_by_defaults" time="0.257" /><testcase classname="tests.test_abc_cancel_guard" name="test_confirmed_abc_po_cancel_returns_409_and_status_unchanged" time="2.372" /><testcase classname="tests.test_abc_cancel_guard" name="test_draft_abc_po_without_confirmation_can_be_cancelled" time="0.440" /><testcase classname="tests.test_abc_cancel_guard" name="test_non_abc_po_cancel_still_works" time="0.514" /><testcase classname="tests.test_abc_cancel_guard" name="test_invalid_status_on_confirmed_abc_po_still_422" time="0.705" /><testcase classname="tests.test_abc_cancel_guard" name="test_valid_non_cancel_status_on_confirmed_abc_po_is_allowed" time="0.807" /><testcase classname="tests.test_abc_supply_p3" name="test_place_order_success" time="0.002" /><testcase classname="tests.test_abc_supply_p3" name="test_place_order_idempotent_same_request_id" time="0.002" /><testcase classname="tests.test_abc_supply_p3" name="test_place_order_rejected" time="0.001" /><testcase classname="tests.test_abc_supply_p3" name="test_place_order_timeout_raises_but_records" time="0.001" /><testcase classname="tests.test_abc_supply_p3" name="test_get_order_by_confirmation_and_history" time="0.003" /><testcase classname="tests.test_abc_supply_p3" name="test_templates" time="0.001" /><testcase classname="tests.test_abc_supply_p3" name="test_normalize_status" time="0.000" /><testcase classname="tests.test_abc_delivery_appointment_contract.TestEndToEndAppointmentBuilder" name="test_time_range_TR_confirms" time="1.785" /><testcase classname="tests.test_abc_delivery_appointment_contract.TestEndToEndAppointmentBuilder" name="test_specific_time_ST_confirms" time="0.359" /><testcase classname="tests.test_abc_delivery_appointment_contract.TestEndToEndAppointmentBuilder" name="test_windowless_codes_confirm[AT]" time="0.371" /><testcase classname="tests.test_abc_delivery_appointment_contract.TestEndToEndAppointmentBuilder" name="test_windowless_codes_confirm[AM]" time="0.371" /><testcase classname="tests.test_abc_delivery_appointment_contract.TestEndToEndAppointmentBuilder" name="test_windowless_codes_confirm[PM]" time="0.423" /><testcase classname="tests.test_abc_delivery_appointment_contract.TestEndToEndAppointmentBuilder" name="test_windowless_codes_confirm[FS]" time="0.384" /><testcase classname="tests.test_abc_delivery_appointment_contract.TestEndToEndAppointmentBuilder" name="test_no_appointment_regression" time="36.305" /><testcase classname="tests.test_abc_delivery_appointment_contract.TestEndToEndAppointmentBuilder" name="test_requested_date_only" time="0.411" /><testcase classname="tests.test_abc_delivery_appointment_contract.TestEndToEndAppointmentBuilder" name="test_ST_missing_from_validation_fails" time="0.313" /><testcase classname="tests.test_abc_delivery_appointment_contract.TestEndToEndAppointmentBuilder" name="test_TR_missing_to_validation_fails" time="0.323" /><testcase classname="tests.test_abc_delivery_appointment_contract.TestEndToEndAppointmentBuilder" name="test_invalid_appointment_code" time="0.336" /><testcase classname="tests.test_abc_delivery_appointment_contract.TestMockValidatorAppointment" name="test_reject_legacy_delivery_appointment_time" time="0.329" /><testcase classname="tests.test_abc_delivery_appointment_contract.TestMockValidatorAppointment" name="test_accept_valid_TR" time="0.145" /><testcase classname="tests.test_abc_delivery_appointment_contract.TestMockValidatorAppointment" name="test_accept_valid_ST" time="0.124" /><testcase classname="tests.test_abc_delivery_appointment_contract.TestMockValidatorAppointment" name="test_accept_windowless_codes[AT]" time="0.115" /><testcase classname="tests.test_abc_delivery_appointment_contract.TestMockValidatorAppointment" name="test_accept_windowless_codes[AM]" time="0.113" /><testcase classname="tests.test_abc_delivery_appointment_contract.TestMockValidatorAppointment" name="test_accept_windowless_codes[PM]" time="0.113" /><testcase classname="tests.test_abc_delivery_appointment_contract.TestMockValidatorAppointment" name="test_accept_windowless_codes[FS]" time="0.120" /><testcase classname="tests.test_abc_delivery_appointment_contract.TestMockValidatorAppointment" name="test_reject_ST_without_fromTime" time="0.120" /><testcase classname="tests.test_abc_delivery_appointment_contract.TestMockValidatorAppointment" name="test_reject_TR_without_toTime" time="0.114" /><testcase classname="tests.test_abc_delivery_appointment_contract.TestMockValidatorAppointment" name="test_reject_invalid_code" time="0.115" /><testcase classname="tests.test_abc_delivery_appointment_contract.TestMockValidatorAppointment" name="test_accept_dates_deliveryRequestedFor" time="0.121" /><testcase classname="tests.test_abc_delivery_appointment_contract.TestMockValidatorAppointment" name="test_reject_instructions_too_long" time="0.123" /><testcase classname="tests.test_abc_delivery_instructions_routing.TestEndToEndInstructionsRouting" name="test_short_instructions_no_appt_confirms" time="1.734" /><testcase classname="tests.test_abc_delivery_instructions_routing.TestEndToEndInstructionsRouting" name="test_instructions_with_TR_appointment_confirms" time="0.348" /><testcase classname="tests.test_abc_delivery_instructions_routing.TestEndToEndInstructionsRouting" name="test_instructions_over_255_overflows_to_orderComments_D" time="0.441" /><testcase classname="tests.test_abc_delivery_instructions_routing.TestEndToEndInstructionsRouting" name="test_order_comment_H_plus_instructions_overflow_D" time="0.447" /><testcase classname="tests.test_abc_delivery_instructions_routing.TestEndToEndInstructionsRouting" name="test_regression_no_instructions_no_appt" time="0.377" /><testcase classname="tests.test_abc_delivery_instructions_routing.TestBuilderInstructionsShape" name="test_short_defaults_to_AT" time="0.281" /><testcase classname="tests.test_abc_delivery_instructions_routing.TestBuilderInstructionsShape" name="test_exactly_255_no_overflow" time="0.000" /><testcase classname="tests.test_abc_delivery_instructions_routing.TestBuilderInstructionsShape" name="test_over_255_overflows" time="0.000" /><testcase classname="tests.test_abc_delivery_instructions_routing.TestBuilderInstructionsShape" name="test_no_instructions_no_appt_returns_none" time="0.000" /><testcase classname="tests.test_abc_delivery_instructions_routing.TestBuilderInstructionsShape" name="test_TR_with_times_and_instructions" time="0.000" /><testcase classname="tests.test_abc_delivery_instructions_routing.TestMockRejectsBadInstructions" name="test_mock_rejects_instructions_over_255" time="0.265" /><testcase classname="tests.test_abc_delivery_instructions_routing.TestMockRejectsBadInstructions" name="test_mock_accepts_instructions_exactly_255_plus_D_comment" time="0.116" /><testcase classname="tests.test_abc_delivery_services_enum.TestDeliveryServicesEndpoint" name="test_requires_auth" time="1.544" /><testcase classname="tests.test_abc_delivery_services_enum.TestDeliveryServicesEndpoint" name="test_returns_exact_seven_codes" time="0.117" /><testcase classname="tests.test_abc_delivery_services_enum.TestDeliveryServicesEndpoint" name="test_labels_present_and_nonempty" time="0.107" /><testcase classname="tests.test_abc_delivery_services_enum.TestDeliveryServicesEndpoint" name="test_specific_labels" time="0.124" /><testcase classname="tests.test_abc_delivery_services_enum.TestAbcSubmitDeliveryServiceValidation" name="test_reject_invalid_codes[OTB]" time="0.356" /><testcase classname="tests.test_abc_delivery_services_enum.TestAbcSubmitDeliveryServiceValidation" name="test_reject_invalid_codes[WCL]" time="0.326" /><testcase classname="tests.test_abc_delivery_services_enum.TestAbcSubmitDeliveryServiceValidation" name="test_reject_invalid_codes[ZZZ]" time="0.349" /><testcase classname="tests.test_abc_delivery_services_enum.TestAbcSubmitDeliveryServiceValidation" name="test_reject_invalid_codes[xx]" time="0.312" /><testcase classname="tests.test_abc_delivery_services_enum.TestAbcSubmitDeliveryServiceValidation" name="test_reject_invalid_codes[]" time="0.372" /><testcase classname="tests.test_abc_delivery_services_enum.TestAbcSubmitDeliveryServiceValidation" name="test_accept_valid_codes[OTG]" time="0.338" /><testcase classname="tests.test_abc_delivery_services_enum.TestAbcSubmitDeliveryServiceValidation" name="test_accept_valid_codes[OTR]" time="0.382" /><testcase classname="tests.test_abc_delivery_services_enum.TestAbcSubmitDeliveryServiceValidation" name="test_accept_valid_codes[OTW]" time="0.386" /><testcase classname="tests.test_abc_delivery_services_enum.TestAbcSubmitDeliveryServiceValidation" name="test_accept_valid_codes[CPU]" time="0.354" /><testcase classname="tests.test_abc_delivery_services_enum.TestAbcSubmitDeliveryServiceValidation" name="test_accept_valid_codes[EXP]" time="0.438" /><testcase classname="tests.test_abc_delivery_services_enum.TestAbcSubmitDeliveryServiceValidation" name="test_accept_valid_codes[COM]" time="0.421" /><testcase classname="tests.test_abc_delivery_services_enum.TestAbcSubmitDeliveryServiceValidation" name="test_accept_valid_codes[TPC]" time="1.078" /><testcase classname="tests.test_abc_delivery_services_enum.TestAbcSubmitDeliveryServiceValidation" name="test_default_otg_regression_no_delivery_service_in_body" time="1.039" /><testcase classname="tests.test_abc_product_availability_preflight" name="test_A_available_item_confirms" time="2.046" /><testcase classname="tests.test_abc_product_availability_preflight" name="test_B_priced_but_unavailable_at_branch_blocks" time="4.757" /><testcase classname="tests.test_abc_product_availability_preflight" name="test_C_dimensional_valid_length_confirms" time="0.698" /><testcase classname="tests.test_abc_product_availability_preflight" name="test_D_dimensional_unavailable_length_blocks" time="0.343" /><testcase classname="tests.test_abc_product_availability_preflight" name="test_E_availability_transport_error_fails_closed" time="0.669" /><testcase classname="tests.test_abc_product_availability_preflight" name="test_F_recovery_after_availability_failure" time="0.871" /><testcase classname="tests.test_abc_product_availability_preflight" name="test_regression_zero_price_still_blocks" time="0.450" /></testsuite></testsuites>