<?xml version="1.0" encoding="utf-8"?><testsuites name="pytest tests"><testsuite name="pytest" errors="0" failures="5" skipped="0" tests="22" time="4.543" timestamp="2026-08-21T23:04:07.371207+00:00" hostname="agent-env-a8d2d342-f923-48b7-b208-bce3ecca5aec"><testcase classname="tests.test_abc_supply_api_integration.TestRBAC" name="test_owner_can_get_status" time="0.623" /><testcase classname="tests.test_abc_supply_api_integration.TestRBAC" name="test_sales_forbidden[GET-/api/integrations/abc/status-None]" time="0.502" /><testcase classname="tests.test_abc_supply_api_integration.TestRBAC" name="test_sales_forbidden[PUT-/api/integrations/abc/config-payload1]" time="0.184" /><testcase classname="tests.test_abc_supply_api_integration.TestRBAC" name="test_sales_forbidden[PUT-/api/integrations/abc/config/secret-payload2]" time="0.114" /><testcase classname="tests.test_abc_supply_api_integration.TestRBAC" name="test_sales_forbidden[POST-/api/integrations/abc/connect-None]" time="0.117" /><testcase classname="tests.test_abc_supply_api_integration.TestRBAC" name="test_sales_forbidden[POST-/api/integrations/abc/disconnect-None]" time="0.141" /><testcase classname="tests.test_abc_supply_api_integration.TestRBAC" name="test_sales_forbidden[PUT-/api/integrations/abc/defaults-payload5]" time="0.114" /><testcase classname="tests.test_abc_supply_api_integration.TestRBAC" name="test_sales_forbidden[GET-/api/integrations/abc/accounts-None]" time="0.123" /><testcase classname="tests.test_abc_supply_api_integration.TestRBAC" name="test_sales_forbidden[GET-/api/integrations/abc/branches-None]" time="0.125" /><testcase classname="tests.test_abc_supply_api_integration.TestRBAC" name="test_sales_forbidden[POST-/api/integrations/abc/test-None]" time="0.124" /><testcase classname="tests.test_abc_supply_api_integration.TestConnectFlow" name="test_01_configure" time="0.253" /><testcase classname="tests.test_abc_supply_api_integration.TestConnectFlow" name="test_02_disconnect_first_for_clean_state" time="0.183" /><testcase classname="tests.test_abc_supply_api_integration.TestConnectFlow" name="test_03_test_connection_when_not_connected" time="0.199" /><testcase classname="tests.test_abc_supply_api_integration.TestConnectFlow" name="test_04_connect_and_callback" time="0.255"><failure message="AssertionError: &lt;!doctype html&gt;&#10;  &lt;html lang=&quot;en&quot;&gt;&#10;      &lt;head&gt;&#10;          &lt;meta charset=&quot;utf-8&quot; /&gt;&#10;          &lt;meta name=&quot;viewport&quot; content=&quot;width=device-width, initial-scale=1&quot; /&gt;&#10;          &lt;meta name=&quot;theme-color&quot; content=&quot;#0&#10;assert 200 == 302&#10; +  where 200 = &lt;Response [200]&gt;.status_code">tests/test_abc_supply_api_integration.py:108: in test_04_connect_and_callback
    assert r1.status_code == 302, r1.text[:200]
E   AssertionError: &lt;!doctype html&gt;
E     &lt;html lang="en"&gt;
E         &lt;head&gt;
E             &lt;meta charset="utf-8" /&gt;
E             &lt;meta name="viewport" content="width=device-width, initial-scale=1" /&gt;
E             &lt;meta name="theme-color" content="#0
E   assert 200 == 302
E    +  where 200 = &lt;Response [200]&gt;.status_code</failure></testcase><testcase classname="tests.test_abc_supply_api_integration.TestConnectFlow" name="test_05_accounts_filters_retired" time="0.108"><failure message="assert 500 == 200&#10; +  where 500 = &lt;Response [500]&gt;.status_code">tests/test_abc_supply_api_integration.py:129: in test_05_accounts_filters_retired
    assert r.status_code == 200
E   assert 500 == 200
E    +  where 500 = &lt;Response [500]&gt;.status_code</failure></testcase><testcase classname="tests.test_abc_supply_api_integration.TestConnectFlow" name="test_06_branches_by_ship_to" time="0.158"><failure message="assert 500 == 200&#10; +  where 500 = &lt;Response [500]&gt;.status_code">tests/test_abc_supply_api_integration.py:137: in test_06_branches_by_ship_to
    assert r.status_code == 200
E   assert 500 == 200
E    +  where 500 = &lt;Response [500]&gt;.status_code</failure></testcase><testcase classname="tests.test_abc_supply_api_integration.TestConnectFlow" name="test_07_branches_by_state" time="0.115"><failure message="assert 500 == 200&#10; +  where 500 = &lt;Response [500]&gt;.status_code">tests/test_abc_supply_api_integration.py:146: in test_07_branches_by_state
    assert r.status_code == 200
E   assert 500 == 200
E    +  where 500 = &lt;Response [500]&gt;.status_code</failure></testcase><testcase classname="tests.test_abc_supply_api_integration.TestConnectFlow" name="test_08_defaults_persist" time="0.302" /><testcase classname="tests.test_abc_supply_api_integration.TestConnectFlow" name="test_09_test_connection_when_connected" time="0.163"><failure message="AssertionError: assert 'ship-to' in 'application credentials valid. location api reachable (2 branch result(s)). connect an account to enable pricing/ordering.'&#10; +  where 'application credentials valid. location api reachable (2 branch result(s)). connect an account to enable pricing/ordering.' = &lt;built-in method lower of str object at 0xfc6d96f17ec0&gt;()&#10; +    where &lt;built-in method lower of str object at 0xfc6d96f17ec0&gt; = 'Application credentials valid. Location API reachable (2 branch result(s)). Connect an account to enable pricing/ordering.'.lower">tests/test_abc_supply_api_integration.py:163: in test_09_test_connection_when_connected
    assert "ship-to" in data["message"].lower()
E   AssertionError: assert 'ship-to' in 'application credentials valid. location api reachable (2 branch result(s)). connect an account to enable pricing/ordering.'
E    +  where 'application credentials valid. location api reachable (2 branch result(s)). connect an account to enable pricing/ordering.' = &lt;built-in method lower of str object at 0xfc6d96f17ec0&gt;()
E    +    where &lt;built-in method lower of str object at 0xfc6d96f17ec0&gt; = 'Application credentials valid. Location API reachable (2 branch result(s)). Connect an account to enable pricing/ordering.'.lower</failure></testcase><testcase classname="tests.test_abc_supply_api_integration.TestConnectFlow" name="test_10_disconnect" time="0.223" /><testcase classname="tests.test_abc_supply_api_integration.TestPurchaseOrdersRegression" name="test_list_purchase_orders" time="0.155" /><testcase classname="tests.test_abc_supply_api_integration.TestPurchaseOrdersRegression" name="test_create_purchase_order" time="0.147" /></testsuite></testsuites>