<?xml version="1.0" encoding="utf-8"?><testsuites name="pytest tests"><testsuite name="pytest" errors="0" failures="0" skipped="0" tests="4" time="2.935" timestamp="2026-09-07T02:41:46.965802+00:00" hostname="agent-env-2755af5b-c396-4251-8f04-de7c1f652907"><testcase classname="tests.test_abc_po_setup_warning" name="test_positive_abc_po_is_fully_populated_and_submittable" time="1.964" /><testcase classname="tests.test_abc_po_setup_warning" name="test_unmapped_material_downgrades_to_standard_draft" time="0.301" /><testcase classname="tests.test_abc_po_setup_warning" name="test_missing_defaults_downgrades_even_if_mapped" time="0.433" /><testcase classname="tests.test_abc_po_setup_warning" name="test_normal_po_regression_no_warning_and_passthrough" time="0.161" /></testsuite></testsuites>