<?xml version="1.0" encoding="utf-8"?><testsuites name="pytest tests"><testsuite name="pytest" errors="0" failures="0" skipped="0" tests="7" time="6.144" timestamp="2026-09-07T04:06:32.791377+00:00" hostname="agent-env-2755af5b-c396-4251-8f04-de7c1f652907"><testcase classname="tests.test_abc_product_availability_preflight" name="test_A_available_item_confirms" time="2.294" /><testcase classname="tests.test_abc_product_availability_preflight" name="test_B_priced_but_unavailable_at_branch_blocks" time="0.674" /><testcase classname="tests.test_abc_product_availability_preflight" name="test_C_dimensional_valid_length_confirms" time="0.696" /><testcase classname="tests.test_abc_product_availability_preflight" name="test_D_dimensional_unavailable_length_blocks" time="0.312" /><testcase classname="tests.test_abc_product_availability_preflight" name="test_E_availability_transport_error_fails_closed" time="0.724" /><testcase classname="tests.test_abc_product_availability_preflight" name="test_F_recovery_after_availability_failure" time="0.909" /><testcase classname="tests.test_abc_product_availability_preflight" name="test_regression_zero_price_still_blocks" time="0.461" /></testsuite></testsuites>