<?xml version="1.0" encoding="utf-8"?><testsuites name="pytest tests"><testsuite name="pytest" errors="0" failures="0" skipped="0" tests="22" time="3.467" timestamp="2026-08-21T23:09:02.051423+00:00" hostname="agent-env-a8d2d342-f923-48b7-b208-bce3ecca5aec"><testcase classname="tests.test_abc_supply_api_integration.TestConnectFlow" name="test_01_configure" time="0.821" /><testcase classname="tests.test_abc_supply_api_integration.TestRBAC" name="test_owner_can_get_status" time="0.783" /><testcase classname="tests.test_abc_supply_api_integration.TestConnectFlow" name="test_02_disconnect_first_for_clean_state" time="0.309" /><testcase classname="tests.test_abc_supply_api_integration.TestRBAC" name="test_sales_forbidden[GET-/api/integrations/abc/status-None]" time="0.465" /><testcase classname="tests.test_abc_supply_api_integration.TestConnectFlow" name="test_03_test_connection_when_not_connected" time="0.191" /><testcase classname="tests.test_abc_supply_api_integration.TestRBAC" name="test_sales_forbidden[PUT-/api/integrations/abc/config-payload1]" time="0.136" /><testcase classname="tests.test_abc_supply_api_integration.TestConnectFlow" name="test_04_connect_and_callback" time="0.548" /><testcase classname="tests.test_abc_supply_api_integration.TestRBAC" name="test_sales_forbidden[PUT-/api/integrations/abc/config/secret-payload2]" time="0.122" /><testcase classname="tests.test_abc_supply_api_integration.TestRBAC" name="test_sales_forbidden[POST-/api/integrations/abc/connect-None]" time="0.139" /><testcase classname="tests.test_abc_supply_api_integration.TestRBAC" name="test_sales_forbidden[POST-/api/integrations/abc/disconnect-None]" time="0.153" /><testcase classname="tests.test_abc_supply_api_integration.TestRBAC" name="test_sales_forbidden[PUT-/api/integrations/abc/defaults-payload5]" time="0.153" /><testcase classname="tests.test_abc_supply_api_integration.TestConnectFlow" name="test_05_accounts_filters_retired" time="0.202" /><testcase classname="tests.test_abc_supply_api_integration.TestRBAC" name="test_sales_forbidden[GET-/api/integrations/abc/accounts-None]" time="0.136" /><testcase classname="tests.test_abc_supply_api_integration.TestConnectFlow" name="test_06_branches_by_ship_to" time="0.139" /><testcase classname="tests.test_abc_supply_api_integration.TestRBAC" name="test_sales_forbidden[GET-/api/integrations/abc/branches-None]" time="0.110" /><testcase classname="tests.test_abc_supply_api_integration.TestRBAC" name="test_sales_forbidden[POST-/api/integrations/abc/test-None]" time="0.137" /><testcase classname="tests.test_abc_supply_api_integration.TestConnectFlow" name="test_07_branches_by_state" time="0.214" /><testcase classname="tests.test_abc_supply_api_integration.TestPurchaseOrdersRegression" name="test_list_purchase_orders" time="0.136" /><testcase classname="tests.test_abc_supply_api_integration.TestConnectFlow" name="test_08_defaults_persist" time="0.279" /><testcase classname="tests.test_abc_supply_api_integration.TestPurchaseOrdersRegression" name="test_create_purchase_order" time="0.168" /><testcase classname="tests.test_abc_supply_api_integration.TestConnectFlow" name="test_09_test_connection_when_connected" time="0.144" /><testcase classname="tests.test_abc_supply_api_integration.TestConnectFlow" name="test_10_disconnect" time="0.273" /></testsuite></testsuites>