<?xml version="1.0" encoding="utf-8"?><testsuites name="pytest tests"><testsuite name="pytest" errors="0" failures="0" skipped="0" tests="14" time="7.827" timestamp="2026-08-21T23:55:01.747738+00:00" hostname="agent-env-a8d2d342-f923-48b7-b208-bce3ecca5aec"><testcase classname="tests.test_abc_supply_p3_api.TestReview" name="test_review_ok_when_priced" time="1.215" /><testcase classname="tests.test_abc_supply_p3_api.TestReview" name="test_review_flags_unavailable_line" time="0.274" /><testcase classname="tests.test_abc_supply_p3_api.TestSubmitHappyPath" name="test_submit_confirmed" time="0.557" /><testcase classname="tests.test_abc_supply_p3_api.TestPriceChangeReview" name="test_price_changed_then_accepted" time="0.628" /><testcase classname="tests.test_abc_supply_p3_api.TestDuplicateProtection" name="test_same_key_and_new_key_both_already_submitted" time="0.581" /><testcase classname="tests.test_abc_supply_p3_api.TestConcurrency" name="test_four_parallel_same_key_one_confirmed" time="0.488" /><testcase classname="tests.test_abc_supply_p3_api.TestRejection" name="test_mock_reject_returns_failed" time="0.432" /><testcase classname="tests.test_abc_supply_p3_api.TestUnknownAndReconcile" name="test_timeout_unknown_no_retry_then_reconcile" time="0.702" /><testcase classname="tests.test_abc_supply_p3_api.TestRefreshStatus" name="test_refresh_status" time="0.423" /><testcase classname="tests.test_abc_supply_p3_api.TestHistoryDetailTemplates" name="test_history_and_detail" time="0.573" /><testcase classname="tests.test_abc_supply_p3_api.TestHistoryDetailTemplates" name="test_templates" time="0.173" /><testcase classname="tests.test_abc_supply_p3_api.TestRBAC" name="test_sales_403_all_p3" time="0.927" /><testcase classname="tests.test_abc_supply_p3_api.TestRegression" name="test_generic_po_create_and_receive" time="0.353" /><testcase classname="tests.test_abc_supply_p3_api.TestRegression" name="test_submitted_abc_po_not_auto_received" time="0.411" /></testsuite></testsuites>