<?xml version="1.0" encoding="utf-8"?><testsuites name="pytest tests"><testsuite name="pytest" errors="0" failures="0" skipped="0" tests="5" time="4.953" timestamp="2026-09-07T02:58:10.366901+00:00" hostname="agent-env-2755af5b-c396-4251-8f04-de7c1f652907"><testcase classname="tests.test_abc_cancel_guard" name="test_confirmed_abc_po_cancel_returns_409_and_status_unchanged" time="2.561" /><testcase classname="tests.test_abc_cancel_guard" name="test_draft_abc_po_without_confirmation_can_be_cancelled" time="0.384" /><testcase classname="tests.test_abc_cancel_guard" name="test_non_abc_po_cancel_still_works" time="0.542" /><testcase classname="tests.test_abc_cancel_guard" name="test_invalid_status_on_confirmed_abc_po_still_422" time="0.590" /><testcase classname="tests.test_abc_cancel_guard" name="test_valid_non_cancel_status_on_confirmed_abc_po_is_allowed" time="0.804" /></testsuite></testsuites>