<?xml version="1.0" encoding="utf-8"?><testsuites name="pytest tests"><testsuite name="pytest" errors="0" failures="0" skipped="0" tests="6" time="4.389" timestamp="2026-09-07T03:15:16.195129+00:00" hostname="agent-env-2755af5b-c396-4251-8f04-de7c1f652907"><testcase classname="tests.test_abc_orderability_preflight" name="test_happy_path_default_ship_to_confirms" time="2.202" /><testcase classname="tests.test_abc_orderability_preflight" name="test_credit_hold_blocks_submit" time="0.343" /><testcase classname="tests.test_abc_orderability_preflight" name="test_inactive_ship_to_blocks_submit" time="0.331" /><testcase classname="tests.test_abc_orderability_preflight" name="test_branch_not_associated_blocks_submit" time="0.321" /><testcase classname="tests.test_abc_orderability_preflight" name="test_missing_ship_to_blocks_submit" time="0.362" /><testcase classname="tests.test_abc_orderability_preflight" name="test_blocked_submit_leaves_no_stuck_pending_and_retry_works" time="0.767" /></testsuite></testsuites>