<?xml version="1.0" encoding="utf-8"?><testsuites name="pytest tests"><testsuite name="pytest" errors="0" failures="0" skipped="0" tests="9" time="15.906" timestamp="2026-08-22T20:41:00.977651+00:00" hostname="agent-env-a8d2d342-f923-48b7-b208-bce3ecca5aec"><testcase classname="tests.test_advanced_inventory" name="test_backfill_balance_equals_company_onhand" time="1.276" /><testcase classname="tests.test_advanced_inventory" name="test_transfer_nets_to_zero" time="1.781" /><testcase classname="tests.test_advanced_inventory" name="test_transfer_same_location_rejected" time="0.864" /><testcase classname="tests.test_advanced_inventory" name="test_transfer_insufficient_rejected" time="0.962" /><testcase classname="tests.test_advanced_inventory" name="test_issue_consumes_reservation_and_reduces_onhand" time="2.588" /><testcase classname="tests.test_advanced_inventory" name="test_return_restores_stock" time="2.489" /><testcase classname="tests.test_advanced_inventory" name="test_waste_reduces_onhand" time="1.504" /><testcase classname="tests.test_advanced_inventory" name="test_cycle_count_creates_adjustment" time="1.308" /><testcase classname="tests.test_advanced_inventory" name="test_auto_release_on_cancel_idempotent" time="2.750" /></testsuite></testsuites>