<?xml version="1.0" encoding="utf-8"?><testsuites name="pytest tests"><testsuite name="pytest" errors="0" failures="0" skipped="0" tests="3" time="5.509" timestamp="2026-08-08T17:57:36.581439+00:00" hostname="agent-env-5522c5b9-b199-4848-9c3a-12fef3aea388"><testcase classname="tests.test_assignments" name="test_assignable_users_rbac" time="1.228" /><testcase classname="tests.test_assignments" name="test_lead_assignment_and_strict_sales_visibility" time="2.140" /><testcase classname="tests.test_assignments" name="test_job_assignment_strict_visibility" time="2.093" /></testsuite></testsuites>