<?xml version="1.0" encoding="utf-8"?><testsuites name="pytest tests"><testsuite name="pytest" errors="0" failures="0" skipped="0" tests="16" time="11.097" timestamp="2026-09-07T03:46:37.508348+00:00" hostname="agent-env-2755af5b-c396-4251-8f04-de7c1f652907"><testcase classname="tests.test_abc_creation_paths_e2e" name="test_direct_create_confirms" time="2.442" /><testcase classname="tests.test_abc_creation_paths_e2e" name="test_reorder_suggestions_style_confirms" time="0.483" /><testcase classname="tests.test_abc_creation_paths_e2e" name="test_reorder_suggestions_unmapped_downgrades" time="0.400" /><testcase classname="tests.test_abc_creation_paths_e2e" name="test_jobmaterialplan_style_confirms" time="0.509" /><testcase classname="tests.test_abc_creation_paths_e2e" name="test_from_abc_template_confirms" time="0.536" /><testcase classname="tests.test_abc_creation_paths_e2e" name="test_line_rejection_mock_reject" time="0.661" /><testcase classname="tests.test_abc_creation_paths_e2e" name="test_timeout_yields_unknown_then_reconcile" time="1.128" /><testcase classname="tests.test_abc_creation_paths_e2e" name="test_idempotent_same_submission_key" time="0.741" /><testcase classname="tests.test_abc_creation_paths_e2e" name="test_preflight_blocks[CREDITHOLD1163698-18-needles0]" time="0.298" /><testcase classname="tests.test_abc_creation_paths_e2e" name="test_preflight_blocks[9999999-18-needles1]" time="0.382" /><testcase classname="tests.test_abc_creation_paths_e2e" name="test_preflight_blocks[NOBRANCH1163698-18-needles2]" time="0.333" /><testcase classname="tests.test_abc_creation_paths_e2e" name="test_preflight_blocks[MISSING1163698-18-needles3]" time="0.292" /><testcase classname="tests.test_abc_creation_paths_e2e" name="test_preflight_retry_after_switch_back_succeeds" time="0.984" /><testcase classname="tests.test_abc_creation_paths_e2e" name="test_short_delivery_instructions_go_into_deliveryAppointment" time="0.516" /><testcase classname="tests.test_abc_creation_paths_e2e" name="test_long_delivery_instructions_overflow_into_orderComments_D" time="0.483" /><testcase classname="tests.test_abc_creation_paths_e2e" name="test_price_changed_without_accept_and_confirmed_with_accept" time="0.818" /></testsuite></testsuites>