<?xml version="1.0" encoding="utf-8"?><testsuites name="pytest tests"><testsuite name="pytest" errors="0" failures="0" skipped="0" tests="6" time="2.425" timestamp="2026-08-23T16:07:53.082579+00:00" hostname="agent-env-a8d2d342-f923-48b7-b208-bce3ecca5aec"><testcase classname="tests.test_crud_estimates_quotes_delete.TestEstimateCRUD" name="test_create_read_update_delete_estimate" time="1.661" /><testcase classname="tests.test_crud_estimates_quotes_delete.TestAcceptedLocks" name="test_delete_accepted_quote_returns_409" time="1.312" /><testcase classname="tests.test_crud_estimates_quotes_delete.TestAcceptedLocks" name="test_update_accepted_quote_returns_400" time="0.096" /><testcase classname="tests.test_crud_estimates_quotes_delete.TestAcceptedLocks" name="test_delete_locked_estimate_returns_409" time="0.099" /><testcase classname="tests.test_crud_estimates_quotes_delete.TestAcceptedLocks" name="test_update_locked_estimate_returns_409" time="0.055" /><testcase classname="tests.test_crud_estimates_quotes_delete.TestQuoteDeleteDraft" name="test_delete_draft_quote" time="0.425" /></testsuite></testsuites>