<?xml version="1.0" encoding="utf-8"?><testsuites name="pytest tests"><testsuite name="pytest" errors="0" failures="0" skipped="1" tests="8" time="3.683" timestamp="2026-08-22T00:43:47.269824+00:00" hostname="agent-env-a8d2d342-f923-48b7-b208-bce3ecca5aec"><testcase classname="tests.test_abc_supply_delivery_api.TestSubmitReviewReturnsDelivery" name="test_review_returns_delivery_field" time="1.437" /><testcase classname="tests.test_abc_supply_delivery_api.TestSubmitWithFullDeliveryOverride" name="test_full_override_confirmed_and_persisted" time="0.409" /><testcase classname="tests.test_abc_supply_delivery_api.TestSubmitWithNoOverrideOptional" name="test_no_override_confirms" time="0.297" /><testcase classname="tests.test_abc_supply_delivery_api.TestSubmitWithNoOverrideOptional" name="test_empty_dict_override_confirms" time="0.287" /><testcase classname="tests.test_abc_supply_delivery_api.TestSubmitWithNoOverrideOptional" name="test_blank_strings_override_confirms" time="0.313" /><testcase classname="tests.test_abc_supply_delivery_api.TestSubmitWithPartialOverrideRejected" name="test_partial_only_line1_rejected" time="0.274" /><testcase classname="tests.test_abc_supply_delivery_api.TestSubmitWithPartialOverrideRejected" name="test_partial_missing_state_rejected" time="0.262" /><testcase classname="tests.test_abc_supply_delivery_api.TestDeliveryDoesNotMutateJobRecords" name="test_edit_delivery_does_not_change_property_or_customer" time="0.331"><skipped type="pytest.skip" message="cannot create job: 405 {&quot;detail&quot;:&quot;Method Not Allowed&quot;}">/app/backend/tests/test_abc_supply_delivery_api.py:221: cannot create job: 405 {"detail":"Method Not Allowed"}</skipped></testcase></testsuite></testsuites>