<?xml version="1.0" encoding="utf-8"?><testsuites name="pytest tests"><testsuite name="pytest" errors="0" failures="0" skipped="0" tests="31" time="8.419" timestamp="2026-08-22T23:02:13.479414+00:00" hostname="agent-env-a8d2d342-f923-48b7-b208-bce3ecca5aec"><testcase classname="tests.test_final_e2e_acceptance.TestChainScenarios" name="test_01_master_material_created" time="2.247" /><testcase classname="tests.test_final_e2e_acceptance.TestChainScenarios" name="test_02_supplier_mapping_keeps_master_one" time="0.109" /><testcase classname="tests.test_final_e2e_acceptance.TestChainScenarios" name="test_04_supplier_avail_no_effect_on_qoh" time="0.117" /><testcase classname="tests.test_final_e2e_acceptance.TestChainScenarios" name="test_06_estimate_measured_waste_order_distinct" time="0.107" /><testcase classname="tests.test_final_e2e_acceptance.TestChainScenarios" name="test_07_estimate_stores_cost_snapshot" time="0.117" /><testcase classname="tests.test_final_e2e_acceptance.TestChainScenarios" name="test_09_markup_not_equal_margin_and_cost_summary" time="0.138" /><testcase classname="tests.test_final_e2e_acceptance.TestChainScenarios" name="test_11_proposal_no_internal_cost_leak" time="0.000" /><testcase classname="tests.test_final_e2e_acceptance.TestChainScenarios" name="test_12_quote_accepted_immutable" time="0.107" /><testcase classname="tests.test_final_e2e_acceptance.TestChainScenarios" name="test_14_material_plan_generated_idempotent" time="0.120" /><testcase classname="tests.test_final_e2e_acceptance.TestChainScenarios" name="test_15_reserve_semantics_on_hand_unchanged" time="0.265" /><testcase classname="tests.test_final_e2e_acceptance.TestChainScenarios" name="test_16_shortage_math" time="0.121" /><testcase classname="tests.test_final_e2e_acceptance.TestChainScenarios" name="test_17_purchase_proposal_draft_only" time="0.104" /><testcase classname="tests.test_final_e2e_acceptance.TestChainScenarios" name="test_18_create_manual_po_and_receive" time="1.162" /><testcase classname="tests.test_final_e2e_acceptance.TestChainScenarios" name="test_20_transfer_preserves_total" time="0.457" /><testcase classname="tests.test_final_e2e_acceptance.TestChainScenarios" name="test_21_issue_to_job_reduces_on_hand" time="0.356" /><testcase classname="tests.test_final_e2e_acceptance.TestChainScenarios" name="test_22_return_to_stock" time="0.120" /><testcase classname="tests.test_final_e2e_acceptance.TestChainScenarios" name="test_23_waste_disposition" time="0.111" /><testcase classname="tests.test_final_e2e_acceptance.TestChainScenarios" name="test_24_inventory_math_invariants" time="0.234" /><testcase classname="tests.test_final_e2e_acceptance.TestChainScenarios" name="test_25_transactions_ledger_shows_lifecycle" time="0.123" /><testcase classname="tests.test_final_e2e_acceptance.TestChainScenarios" name="test_26_job_costing_shows_estimated_vs_actual" time="0.118" /><testcase classname="tests.test_final_e2e_acceptance.TestChainScenarios" name="test_27_cost_snapshot_immutable" time="0.217" /><testcase classname="tests.test_final_e2e_acceptance.TestRBACSales" name="test_sales_denied_costing" time="0.789" /><testcase classname="tests.test_final_e2e_acceptance.TestRBACSales" name="test_sales_denied_reports_profitability_csv" time="0.105" /><testcase classname="tests.test_final_e2e_acceptance.TestRBACSales" name="test_sales_denied_reports_material_variance_csv" time="0.128" /><testcase classname="tests.test_final_e2e_acceptance.TestRBACSales" name="test_sales_denied_reports_waste_csv" time="0.110" /><testcase classname="tests.test_final_e2e_acceptance.TestRBACSales" name="test_sales_denied_reports_supplier_impact_csv" time="0.099" /><testcase classname="tests.test_final_e2e_acceptance.TestRBACSales" name="test_sales_denied_actual_costs" time="0.117" /><testcase classname="tests.test_final_e2e_acceptance.TestRBACSales" name="test_sales_can_view_customer_proposal" time="0.096" /><testcase classname="tests.test_final_e2e_acceptance.TestEdgeCases" name="test_missing_uom_conversion_flagged" time="0.160" /><testcase classname="tests.test_final_e2e_acceptance.TestEdgeCases" name="test_insufficient_reserve_rejected" time="0.107" /><testcase classname="tests.test_final_e2e_acceptance.TestEdgeCases" name="test_inactive_material_still_readable" time="0.153" /></testsuite></testsuites>