<?xml version="1.0" encoding="utf-8"?><testsuites name="pytest tests"><testsuite name="pytest" errors="0" failures="0" skipped="0" tests="17" time="5.696" timestamp="2026-08-29T21:22:17.085171+00:00" hostname="agent-env-9bac437e-c21d-48d3-83e4-62303f284bec"><testcase classname="tests.test_field_property_live" name="test_owner_login" time="0.530" /><testcase classname="tests.test_field_property_live" name="test_sales_login" time="0.808" /><testcase classname="tests.test_field_property_live" name="test_office_and_field_return_canonical_keys" time="0.498" /><testcase classname="tests.test_field_property_live" name="test_mobile_patch_dnk_toggle_and_notes" time="0.481" /><testcase classname="tests.test_field_property_live" name="test_sales_idor_get_and_patch_forbidden" time="0.727" /><testcase classname="tests.test_field_property_live" name="test_mobile_visit_accepts_valid_outcome[no_answer]" time="0.169" /><testcase classname="tests.test_field_property_live" name="test_mobile_visit_accepts_valid_outcome[not_interested]" time="0.224" /><testcase classname="tests.test_field_property_live" name="test_mobile_visit_accepts_valid_outcome[interested]" time="0.170" /><testcase classname="tests.test_field_property_live" name="test_mobile_visit_accepts_valid_outcome[callback]" time="0.160" /><testcase classname="tests.test_field_property_live" name="test_mobile_visit_accepts_valid_outcome[appointment]" time="0.158" /><testcase classname="tests.test_field_property_live" name="test_mobile_visit_accepts_valid_outcome[do_not_knock]" time="0.183" /><testcase classname="tests.test_field_property_live" name="test_mobile_visit_rejects_invalid_outcome[sold]" time="0.157" /><testcase classname="tests.test_field_property_live" name="test_mobile_visit_rejects_invalid_outcome[maybe]" time="0.156" /><testcase classname="tests.test_field_property_live" name="test_office_visit_rejects_invalid" time="0.165" /><testcase classname="tests.test_field_property_live" name="test_office_visit_accepts_callback_and_appointment" time="0.361" /><testcase classname="tests.test_field_property_live" name="test_visit_notes_persist_in_visits_list" time="0.360" /><testcase classname="tests.test_field_property_live" name="test_datetime_parity_office_vs_mobile" time="0.313" /></testsuite></testsuites>