<?xml version="1.0" encoding="utf-8"?><testsuites name="pytest tests"><testsuite name="pytest" errors="0" failures="0" skipped="0" tests="4" time="2.231" timestamp="2026-09-06T19:12:39.803457+00:00" hostname="agent-env-14dc0aa3-d640-4284-b599-c0e952e181b3"><testcase classname="tests.test_measurement_lifecycle_iter91" name="test_create_measurement_201" time="0.901" /><testcase classname="tests.test_measurement_lifecycle_iter91" name="test_put_with_if_match_200_rotates_updated_at" time="0.335" /><testcase classname="tests.test_measurement_lifecycle_iter91" name="test_put_with_stale_if_match_409" time="0.377" /><testcase classname="tests.test_measurement_lifecycle_iter91" name="test_put_invalid_body_422" time="0.297" /></testsuite></testsuites>