<?xml version="1.0" encoding="utf-8"?><testsuites name="pytest tests"><testsuite name="pytest" errors="0" failures="0" skipped="0" tests="6" time="2.377" timestamp="2026-09-02T22:42:32.882243+00:00" hostname="agent-env-7a14915e-4c42-44e7-9e4c-af0e0b8de3aa"><testcase classname="tests.test_office_to_field_parity_iter60.TestOfficeToFieldParity" name="test_login_ok" time="0.474" /><testcase classname="tests.test_office_to_field_parity_iter60.TestOfficeToFieldParity" name="test_create_office_measurement" time="0.635" /><testcase classname="tests.test_office_to_field_parity_iter60.TestOfficeToFieldParity" name="test_list_by_scope_returns_office_measurement" time="0.309" /><testcase classname="tests.test_office_to_field_parity_iter60.TestOfficeToFieldParity" name="test_detail_returns_full_structures" time="0.220" /><testcase classname="tests.test_office_to_field_parity_iter60.TestOfficeToFieldParity" name="test_office_put_then_field_get_parity" time="0.520" /><testcase classname="tests.test_office_to_field_parity_iter60.TestOfficeToFieldParity" name="test_list_by_scope_after_update_still_returns" time="0.141" /></testsuite></testsuites>