<?xml version="1.0" encoding="utf-8"?><testsuites name="pytest tests"><testsuite name="pytest" errors="0" failures="0" skipped="0" tests="23" time="5.973" timestamp="2026-09-07T01:58:28.780505+00:00" hostname="agent-env-2755af5b-c396-4251-8f04-de7c1f652907"><testcase classname="tests.test_abc_delivery_appointment_contract.TestEndToEndAppointmentBuilder" name="test_time_range_TR_confirms" time="2.203" /><testcase classname="tests.test_abc_delivery_appointment_contract.TestMockValidatorAppointment" name="test_reject_legacy_delivery_appointment_time" time="2.025" /><testcase classname="tests.test_abc_delivery_appointment_contract.TestMockValidatorAppointment" name="test_accept_valid_TR" time="0.197" /><testcase classname="tests.test_abc_delivery_appointment_contract.TestEndToEndAppointmentBuilder" name="test_specific_time_ST_confirms" time="0.348" /><testcase classname="tests.test_abc_delivery_appointment_contract.TestMockValidatorAppointment" name="test_accept_valid_ST" time="0.135" /><testcase classname="tests.test_abc_delivery_appointment_contract.TestMockValidatorAppointment" name="test_accept_windowless_codes[AT]" time="0.107" /><testcase classname="tests.test_abc_delivery_appointment_contract.TestMockValidatorAppointment" name="test_accept_windowless_codes[AM]" time="0.125" /><testcase classname="tests.test_abc_delivery_appointment_contract.TestEndToEndAppointmentBuilder" name="test_windowless_codes_confirm[AT]" time="0.387" /><testcase classname="tests.test_abc_delivery_appointment_contract.TestMockValidatorAppointment" name="test_accept_windowless_codes[PM]" time="0.142" /><testcase classname="tests.test_abc_delivery_appointment_contract.TestMockValidatorAppointment" name="test_accept_windowless_codes[FS]" time="0.185" /><testcase classname="tests.test_abc_delivery_appointment_contract.TestMockValidatorAppointment" name="test_reject_ST_without_fromTime" time="0.123" /><testcase classname="tests.test_abc_delivery_appointment_contract.TestEndToEndAppointmentBuilder" name="test_windowless_codes_confirm[AM]" time="0.380" /><testcase classname="tests.test_abc_delivery_appointment_contract.TestMockValidatorAppointment" name="test_reject_TR_without_toTime" time="0.141" /><testcase classname="tests.test_abc_delivery_appointment_contract.TestMockValidatorAppointment" name="test_reject_invalid_code" time="0.125" /><testcase classname="tests.test_abc_delivery_appointment_contract.TestMockValidatorAppointment" name="test_accept_dates_deliveryRequestedFor" time="0.137" /><testcase classname="tests.test_abc_delivery_appointment_contract.TestEndToEndAppointmentBuilder" name="test_windowless_codes_confirm[PM]" time="0.375" /><testcase classname="tests.test_abc_delivery_appointment_contract.TestMockValidatorAppointment" name="test_reject_instructions_too_long" time="0.127" /><testcase classname="tests.test_abc_delivery_appointment_contract.TestEndToEndAppointmentBuilder" name="test_windowless_codes_confirm[FS]" time="0.333" /><testcase classname="tests.test_abc_delivery_appointment_contract.TestEndToEndAppointmentBuilder" name="test_no_appointment_regression" time="0.319" /><testcase classname="tests.test_abc_delivery_appointment_contract.TestEndToEndAppointmentBuilder" name="test_requested_date_only" time="0.358" /><testcase classname="tests.test_abc_delivery_appointment_contract.TestEndToEndAppointmentBuilder" name="test_ST_missing_from_validation_fails" time="0.294" /><testcase classname="tests.test_abc_delivery_appointment_contract.TestEndToEndAppointmentBuilder" name="test_TR_missing_to_validation_fails" time="0.322" /><testcase classname="tests.test_abc_delivery_appointment_contract.TestEndToEndAppointmentBuilder" name="test_invalid_appointment_code" time="0.298" /></testsuite></testsuites>