<?xml version="1.0" encoding="utf-8"?><testsuites name="pytest tests"><testsuite name="pytest" errors="0" failures="0" skipped="1" tests="9" time="9.178" timestamp="2026-09-02T23:07:11.744168+00:00" hostname="agent-env-7a14915e-4c42-44e7-9e4c-af0e0b8de3aa"><testcase classname="tests.test_measurement_unlock_iter62.TestUnlockMeasurementRevision" name="test_login" time="0.439" /><testcase classname="tests.test_measurement_unlock_iter62.TestUnlockMeasurementRevision" name="test_unlock_happy_path" time="1.498" /><testcase classname="tests.test_measurement_unlock_iter62.TestUnlockMeasurementRevision" name="test_unlocked_revision_is_usable_again" time="1.033" /><testcase classname="tests.test_measurement_unlock_iter62.TestUnlockMeasurementRevision" name="test_unlock_on_draft_returns_409" time="0.468" /><testcase classname="tests.test_measurement_unlock_iter62.TestUnlockMeasurementRevision" name="test_unlock_on_field_complete_returns_409" time="0.537" /><testcase classname="tests.test_measurement_unlock_iter62.TestUnlockMeasurementRevision" name="test_unlock_on_office_verified_returns_409" time="0.742" /><testcase classname="tests.test_measurement_unlock_iter62.TestUnlockMeasurementRevision" name="test_unlock_bogus_id_returns_404" time="0.757" /><testcase classname="tests.test_measurement_unlock_iter62.TestUnlockMeasurementRevision" name="test_role_guard_sales_forbidden" time="3.622" /><testcase classname="tests.test_measurement_unlock_iter62.TestUnlockMeasurementRevision" name="test_estimate_referenced_path_not_exercised" time="0.000"><skipped type="pytest.skip" message="Estimate-referenced unlock refusal path not exercised via API (requires takeoff/estimate generation wiring).">/app/backend/tests/test_measurement_unlock_iter62.py:217: Estimate-referenced unlock refusal path not exercised via API (requires takeoff/estimate generation wiring).</skipped></testcase></testsuite></testsuites>