<?xml version="1.0" encoding="utf-8"?><testsuites name="pytest tests"><testsuite name="pytest" errors="0" failures="0" skipped="0" tests="17" time="6.975" timestamp="2026-09-07T02:31:13.020612+00:00" hostname="agent-env-2755af5b-c396-4251-8f04-de7c1f652907"><testcase classname="tests.test_abc_delivery_services_enum.TestDeliveryServicesEndpoint" name="test_requires_auth" time="1.606" /><testcase classname="tests.test_abc_delivery_services_enum.TestDeliveryServicesEndpoint" name="test_returns_exact_seven_codes" time="0.129" /><testcase classname="tests.test_abc_delivery_services_enum.TestDeliveryServicesEndpoint" name="test_labels_present_and_nonempty" time="0.119" /><testcase classname="tests.test_abc_delivery_services_enum.TestDeliveryServicesEndpoint" name="test_specific_labels" time="0.178" /><testcase classname="tests.test_abc_delivery_services_enum.TestAbcSubmitDeliveryServiceValidation" name="test_reject_invalid_codes[OTB]" time="0.283" /><testcase classname="tests.test_abc_delivery_services_enum.TestAbcSubmitDeliveryServiceValidation" name="test_reject_invalid_codes[WCL]" time="0.279" /><testcase classname="tests.test_abc_delivery_services_enum.TestAbcSubmitDeliveryServiceValidation" name="test_reject_invalid_codes[ZZZ]" time="0.368" /><testcase classname="tests.test_abc_delivery_services_enum.TestAbcSubmitDeliveryServiceValidation" name="test_reject_invalid_codes[xx]" time="0.276" /><testcase classname="tests.test_abc_delivery_services_enum.TestAbcSubmitDeliveryServiceValidation" name="test_reject_invalid_codes[]" time="0.303" /><testcase classname="tests.test_abc_delivery_services_enum.TestAbcSubmitDeliveryServiceValidation" name="test_accept_valid_codes[OTG]" time="0.961" /><testcase classname="tests.test_abc_delivery_services_enum.TestAbcSubmitDeliveryServiceValidation" name="test_accept_valid_codes[OTR]" time="0.344" /><testcase classname="tests.test_abc_delivery_services_enum.TestAbcSubmitDeliveryServiceValidation" name="test_accept_valid_codes[OTW]" time="0.318" /><testcase classname="tests.test_abc_delivery_services_enum.TestAbcSubmitDeliveryServiceValidation" name="test_accept_valid_codes[CPU]" time="0.413" /><testcase classname="tests.test_abc_delivery_services_enum.TestAbcSubmitDeliveryServiceValidation" name="test_accept_valid_codes[EXP]" time="0.339" /><testcase classname="tests.test_abc_delivery_services_enum.TestAbcSubmitDeliveryServiceValidation" name="test_accept_valid_codes[COM]" time="0.321" /><testcase classname="tests.test_abc_delivery_services_enum.TestAbcSubmitDeliveryServiceValidation" name="test_accept_valid_codes[TPC]" time="0.338" /><testcase classname="tests.test_abc_delivery_services_enum.TestAbcSubmitDeliveryServiceValidation" name="test_default_otg_regression_no_delivery_service_in_body" time="0.337" /></testsuite></testsuites>