<?xml version="1.0" encoding="utf-8"?><testsuites name="pytest tests"><testsuite name="pytest" errors="0" failures="0" skipped="0" tests="6" time="3.234" timestamp="2026-09-06T18:22:23.287315+00:00" hostname="agent-env-14dc0aa3-d640-4284-b599-c0e952e181b3"><testcase classname="tests.test_mobile_measurement_sync.TestUpdateTokenAndConflict" name="test_update_success_returns_new_token" time="1.547" /><testcase classname="tests.test_mobile_measurement_sync.TestSketchMetadataParity" name="test_initial_no_sketch" time="1.476" /><testcase classname="tests.test_mobile_measurement_sync.TestSketchMetadataParity" name="test_after_put_sketch_metadata_updated" time="0.624" /><testcase classname="tests.test_mobile_measurement_sync.TestUpdateTokenAndConflict" name="test_update_conflict_preserves_both" time="0.190" /><testcase classname="tests.test_mobile_measurement_sync.TestUpdateValidation" name="test_invalid_facet_pitch_rise_returns_422" time="0.298" /><testcase classname="tests.test_mobile_measurement_sync.TestRevisionFamilyParity" name="test_office_and_field_return_same_revision" time="0.801" /></testsuite></testsuites>