<?xml version="1.0" encoding="utf-8"?><testsuites name="pytest tests"><testsuite name="pytest" errors="0" failures="0" skipped="0" tests="6" time="4.211" timestamp="2026-09-02T22:53:44.078415+00:00" hostname="agent-env-7a14915e-4c42-44e7-9e4c-af0e0b8de3aa"><testcase classname="tests.test_measurement_delete_revision_iter61.TestDeleteMeasurementRevision" name="test_login" time="0.476" /><testcase classname="tests.test_measurement_delete_revision_iter61.TestDeleteMeasurementRevision" name="test_delete_draft_success" time="0.860" /><testcase classname="tests.test_measurement_delete_revision_iter61.TestDeleteMeasurementRevision" name="test_delete_draft_by_property_scope" time="0.400" /><testcase classname="tests.test_measurement_delete_revision_iter61.TestDeleteMeasurementRevision" name="test_delete_non_draft_returns_409" time="0.708" /><testcase classname="tests.test_measurement_delete_revision_iter61.TestDeleteMeasurementRevision" name="test_audit_log_entry_written" time="0.972" /><testcase classname="tests.test_measurement_delete_revision_iter61.TestDeleteMeasurementRevision" name="test_regression_sibling_revision_unaffected" time="0.712" /></testsuite></testsuites>