<?xml version="1.0" encoding="utf-8"?><testsuites name="pytest tests"><testsuite name="pytest" errors="0" failures="0" skipped="0" tests="4" time="1.173" timestamp="2026-08-10T09:47:14.482169+00:00" hostname="agent-env-12efb3e1-6aa1-484b-87c0-0b3166639bc1"><testcase classname="tests.test_signer_refactor_live" name="test_ready_reports_local_signer" time="0.164" /><testcase classname="tests.test_signer_refactor_live" name="test_activation_issues_verifiable_entitlement" time="0.214" /><testcase classname="tests.test_signer_refactor_live" name="test_refresh_issues_verifiable_entitlement" time="0.322" /><testcase classname="tests.test_signer_refactor_live" name="test_rotation_old_and_new_kids_coexist_live" time="0.404" /></testsuite></testsuites>