<?xml version="1.0" encoding="utf-8"?><testsuites name="pytest tests"><testsuite name="pytest" errors="0" failures="0" skipped="1" tests="9" time="6.755" timestamp="2026-09-06T19:20:42.561441+00:00" hostname="agent-env-14dc0aa3-d640-4284-b599-c0e952e181b3"><testcase classname="tests.test_measurement_lead_primary_iter92" name="test_unique_constraint_exists_in_pg_constraint" time="0.004" /><testcase classname="tests.test_measurement_lead_primary_iter92" name="test_unique_constraint_enforced_on_duplicate_insert" time="1.018" /><testcase classname="tests.test_measurement_lead_primary_iter92" name="test_revision_numbers_unique_and_ordered_matches_created_at" time="1.557" /><testcase classname="tests.test_measurement_lead_primary_iter92" name="test_lead_primary_key_resolution" time="0.705"><skipped type="pytest.skip" message="POST /api/mobile/leads deduped leads by property; distinct-leads test bypassed. Fallback test_lead_primary_two_properties covers resolution correctness.">/app/backend/tests/test_measurement_lead_primary_iter92.py:207: POST /api/mobile/leads deduped leads by property; distinct-leads test bypassed. Fallback test_lead_primary_two_properties covers resolution correctness.</skipped></testcase><testcase classname="tests.test_measurement_lead_primary_iter92" name="test_lead_primary_two_properties" time="1.496" /><testcase classname="tests.test_measurement_lead_primary_iter92" name="test_office_field_parity_same_revision_family" time="0.779" /><testcase classname="tests.test_measurement_lead_primary_iter92" name="test_regression_stale_ifmatch_409_with_server_detail" time="0.522" /><testcase classname="tests.test_measurement_lead_primary_iter92" name="test_regression_invalid_body_422" time="0.614" /><testcase classname="tests.test_measurement_lead_primary_iter92" name="test_migration_prints_report_line" time="0.000" /></testsuite></testsuites>