<?xml version="1.0" encoding="utf-8"?><testsuites name="pytest tests"><testsuite name="pytest" errors="0" failures="0" skipped="0" tests="4" time="2.092" timestamp="2026-09-06T18:49:07.005324+00:00" hostname="agent-env-14dc0aa3-d640-4284-b599-c0e952e181b3"><testcase classname="tests.test_idempotency_fingerprint.TestIdemSameBodyReplay" name="test_same_body_replay_returns_same_revision" time="1.178" /><testcase classname="tests.test_idempotency_fingerprint.TestIdemDifferentBodyGuard" name="test_different_body_same_key_returns_409" time="1.226" /><testcase classname="tests.test_idempotency_fingerprint.TestLifecycleRegression" name="test_create_update_stale_and_invalid" time="0.589" /><testcase classname="tests.test_idempotency_fingerprint.TestIdemCrossOperation" name="test_key_reused_across_different_operation" time="0.303" /></testsuite></testsuites>