<?xml version="1.0" encoding="utf-8"?><testsuites name="pytest tests"><testsuite name="pytest" errors="0" failures="0" skipped="0" tests="12" time="5.142" timestamp="2026-09-07T02:53:38.621540+00:00" hostname="agent-env-2755af5b-c396-4251-8f04-de7c1f652907"><testcase classname="tests.test_abc_delivery_instructions_routing.TestEndToEndInstructionsRouting" name="test_short_instructions_no_appt_confirms" time="2.835" /><testcase classname="tests.test_abc_delivery_instructions_routing.TestEndToEndInstructionsRouting" name="test_instructions_with_TR_appointment_confirms" time="0.337" /><testcase classname="tests.test_abc_delivery_instructions_routing.TestEndToEndInstructionsRouting" name="test_instructions_over_255_overflows_to_orderComments_D" time="0.351" /><testcase classname="tests.test_abc_delivery_instructions_routing.TestEndToEndInstructionsRouting" name="test_order_comment_H_plus_instructions_overflow_D" time="0.332" /><testcase classname="tests.test_abc_delivery_instructions_routing.TestEndToEndInstructionsRouting" name="test_regression_no_instructions_no_appt" time="0.317" /><testcase classname="tests.test_abc_delivery_instructions_routing.TestBuilderInstructionsShape" name="test_short_defaults_to_AT" time="0.474" /><testcase classname="tests.test_abc_delivery_instructions_routing.TestBuilderInstructionsShape" name="test_exactly_255_no_overflow" time="0.000" /><testcase classname="tests.test_abc_delivery_instructions_routing.TestBuilderInstructionsShape" name="test_over_255_overflows" time="0.000" /><testcase classname="tests.test_abc_delivery_instructions_routing.TestBuilderInstructionsShape" name="test_no_instructions_no_appt_returns_none" time="0.000" /><testcase classname="tests.test_abc_delivery_instructions_routing.TestBuilderInstructionsShape" name="test_TR_with_times_and_instructions" time="0.000" /><testcase classname="tests.test_abc_delivery_instructions_routing.TestMockRejectsBadInstructions" name="test_mock_rejects_instructions_over_255" time="0.231" /><testcase classname="tests.test_abc_delivery_instructions_routing.TestMockRejectsBadInstructions" name="test_mock_accepts_instructions_exactly_255_plus_D_comment" time="0.188" /></testsuite></testsuites>