<?xml version="1.0" encoding="utf-8"?><testsuites name="pytest tests"><testsuite name="pytest" errors="0" failures="0" skipped="0" tests="12" time="4.680" timestamp="2026-09-07T01:51:41.497322+00:00" hostname="agent-env-2755af5b-c396-4251-8f04-de7c1f652907"><testcase classname="tests.test_abc_order_comments_contract.TestRoofSpanBuildsCorrectShape" name="test_order_level_comment_succeeds" time="2.194" /><testcase classname="tests.test_abc_order_comments_contract.TestRoofSpanBuildsCorrectShape" name="test_line_level_comment_succeeds" time="0.364" /><testcase classname="tests.test_abc_order_comments_contract.TestRoofSpanBuildsCorrectShape" name="test_no_comments_regression" time="0.341" /><testcase classname="tests.test_abc_order_comments_contract.TestRoofSpanBuildsCorrectShape" name="test_both_order_and_line_comments_succeed" time="0.360" /><testcase classname="tests.test_abc_order_comments_contract.TestMockValidatorRejectsLegacyShape" name="test_reject_bare_comments_string_at_order_level" time="0.303" /><testcase classname="tests.test_abc_order_comments_contract.TestMockValidatorRejectsLegacyShape" name="test_reject_ordercomments_missing_description" time="0.160" /><testcase classname="tests.test_abc_order_comments_contract.TestMockValidatorRejectsLegacyShape" name="test_reject_ordercomments_invalid_code" time="0.160" /><testcase classname="tests.test_abc_order_comments_contract.TestMockValidatorRejectsLegacyShape" name="test_reject_line_comments_as_bare_string" time="0.144" /><testcase classname="tests.test_abc_order_comments_contract.TestMockValidatorRejectsLegacyShape" name="test_reject_line_comment_invalid_code" time="0.158" /><testcase classname="tests.test_abc_order_comments_contract.TestMockValidatorRejectsLegacyShape" name="test_accept_correct_shape_H_order_D_line" time="0.125" /><testcase classname="tests.test_abc_order_comments_contract.TestMockValidatorRejectsLegacyShape" name="test_accept_footer_code_F" time="0.150" /><testcase classname="tests.test_abc_order_comments_contract.TestMockValidatorRejectsLegacyShape" name="test_accept_no_comments" time="0.140" /></testsuite></testsuites>