<?xml version="1.0" encoding="utf-8"?><testsuites name="pytest tests"><testsuite name="pytest" errors="0" failures="0" skipped="0" tests="28" time="10.528" timestamp="2026-09-08T01:46:55.496008+00:00" hostname="agent-env-2755af5b-c396-4251-8f04-de7c1f652907"><testcase classname="tests.test_canvass_sections" name="test_preview_membership_and_containment" time="1.561" /><testcase classname="tests.test_mobile_map_properties" name="test_phase3_management_gets_full_map_safe_dataset" time="1.814" /><testcase classname="tests.test_canvass_sections" name="test_sales_cannot_create" time="0.125" /><testcase classname="tests.test_canvass_sections" name="test_invalid_territory_and_polygon" time="0.296" /><testcase classname="tests.test_mobile_map_properties" name="test_phase3_sales_map_equals_management_map" time="0.784" /><testcase classname="tests.test_canvass_sections" name="test_create_assign_membership_and_dnk" time="0.389" /><testcase classname="tests.test_canvass_sections" name="test_overlap_blocks_save" time="0.576" /><testcase classname="tests.test_mobile_map_properties" name="test_phase3_sales_with_zero_sections_gets_full_populated_map" time="0.921" /><testcase classname="tests.test_canvass_sections" name="test_edit_geometry_recomputes" time="0.469" /><testcase classname="tests.test_canvass_sections" name="test_reassign_and_unassign" time="0.581" /><testcase classname="tests.test_mobile_map_properties" name="test_phase3_map_safe_fields_only_no_secrets_or_contacts" time="0.434" /><testcase classname="tests.test_mobile_map_properties" name="test_phase3_endpoint_requires_auth" time="0.145" /><testcase classname="tests.test_canvass_sections" name="test_delete_preserves_properties" time="0.809" /><testcase classname="tests.test_mobile_map_properties" name="test_phase2_login_flow_returns_assigned_section_only_for_owner" time="1.309" /><testcase classname="tests.test_canvass_sections" name="test_mobile_sales_visibility_isolation" time="0.965" /><testcase classname="tests.test_mobile_map_properties" name="test_phase2_reassignment_moves_visibility_and_deactivation_removes_it" time="1.723" /><testcase classname="tests.test_mobile_api.TestOfficeRegression" name="test_health" time="0.120" /><testcase classname="tests.test_mobile_api.TestOfficeRegression" name="test_leads_list" time="0.660" /><testcase classname="tests.test_mobile_api.TestOfficeRegression" name="test_jobs_list" time="0.183" /><testcase classname="tests.test_mobile_api.TestOfficeRegression" name="test_backup_status_unauth_401" time="0.161" /><testcase classname="tests.test_mobile_api.TestInspectionFlow" name="test_inspection_idempotent_and_conflict" time="0.977" /><testcase classname="tests.test_mobile_map_properties" name="test_phase2_map_endpoint_still_canvass_independent_after_deactivation" time="0.949" /><testcase classname="tests.test_mobile_api.TestInspectionFlow" name="test_idem_key_reuse_different_op" time="0.245" /><testcase classname="tests.test_mobile_api.TestIdempotentVisit" name="test_visit_idempotent_replay" time="0.563" /><testcase classname="tests.test_mobile_api.TestRBAC" name="test_unauth_visit_401" time="0.605" /><testcase classname="tests.test_mobile_api.TestPhotos" name="test_upload_list_content_and_invalid_type" time="1.363" /><testcase classname="tests.test_mobile_api.TestRBAC" name="test_sales_blocked_from_unauthorized_property_visit" time="1.223" /><testcase classname="tests.test_mobile_api.TestRBAC" name="test_field_role_can_create_visit" time="0.119" /></testsuite></testsuites>