<?xml version="1.0" encoding="utf-8"?><testsuites name="pytest tests"><testsuite name="pytest" errors="0" failures="0" skipped="0" tests="10" time="1.537" timestamp="2026-08-08T05:56:56.094025+00:00" hostname="agent-env-5522c5b9-b199-4848-9c3a-12fef3aea388"><testcase classname="tests.test_cron_backup.TestRegression" name="test_health" time="0.160" /><testcase classname="tests.test_cron_backup.TestCronBackup" name="test_no_auth_returns_401" time="0.206" /><testcase classname="tests.test_cron_backup.TestCronBackup" name="test_wrong_bearer_returns_401" time="0.284" /><testcase classname="tests.test_cron_backup.TestCronBackup" name="test_correct_bearer_returns_accepted" time="0.101" /><testcase classname="tests.test_cron_backup.TestRegression" name="test_auth_me_owner" time="0.437" /><testcase classname="tests.test_cron_backup.TestRegression" name="test_users_list_owner" time="0.342" /><testcase classname="tests.test_cron_backup.TestCronBackup" name="test_owner_jwt_cannot_be_used_as_cron_bearer" time="0.417" /><testcase classname="tests.test_cron_backup.TestRegression" name="test_materials_list" time="0.101" /><testcase classname="tests.test_cron_backup.TestSecurity" name="test_unauth_users_401" time="0.097" /><testcase classname="tests.test_cron_backup.TestSecurity" name="test_integrations_masked" time="0.098" /></testsuite></testsuites>