<?xml version="1.0" encoding="utf-8"?><testsuites name="pytest tests"><testsuite name="pytest" errors="0" failures="0" skipped="0" tests="20" time="7.628" timestamp="2026-09-10T03:16:54.202232+00:00" hostname="agent-env-d369043a-4c42-4a07-a196-655569fac324"><testcase classname="tests.test_mobile_map_areas" name="test_requires_auth" time="1.589" /><testcase classname="tests.test_mobile_map_properties" name="test_management_territory_scoped_returns_only_that_territory" time="1.698" /><testcase classname="tests.test_mobile_map_areas" name="test_sales_gets_assigned_section_with_real_polygon_and_bounds" time="0.151" /><testcase classname="tests.test_mobile_map_properties" name="test_sales_scoped_to_assigned_territory_and_denied_others" time="0.484" /><testcase classname="tests.test_mobile_map_areas" name="test_sales_zip_is_strictly_scoped_and_bounds_from_in_scope_props_only" time="0.165" /><testcase classname="tests.test_mobile_map_areas" name="test_sales_cannot_see_other_reps_section" time="0.214" /><testcase classname="tests.test_mobile_map_areas" name="test_sales_with_section_sees_only_its_territory" time="0.147" /><testcase classname="tests.test_mobile_map_properties" name="test_field_office_territory_property_parity" time="0.337" /><testcase classname="tests.test_mobile_map_areas" name="test_territory_area_carries_geometry_bounds_and_scoped_count" time="0.188" /><testcase classname="tests.test_mobile_map_areas" name="test_management_sees_both_territories" time="0.203" /><testcase classname="tests.test_mobile_map_properties" name="test_invalid_coordinates_excluded" time="0.295" /><testcase classname="tests.test_mobile_map_areas" name="test_default_priority_order_canvass_before_territory_before_zip" time="0.114" /><testcase classname="tests.test_mobile_map_areas" name="test_management_sees_all_sections_and_both_zips" time="0.213" /><testcase classname="tests.test_mobile_map_properties" name="test_map_safe_fields_only_no_secrets_or_contacts" time="0.224" /><testcase classname="tests.test_mobile_map_areas" name="test_territory_bounds_come_from_stored_geometry_not_default_center" time="0.239" /><testcase classname="tests.test_mobile_map_properties" name="test_phase3_endpoint_requires_auth" time="0.117" /><testcase classname="tests.test_mobile_map_properties" name="test_phase2_login_flow_returns_assigned_section_only_for_owner" time="1.506" /><testcase classname="tests.test_mobile_map_areas" name="test_field_office_territory_geometry_and_count_parity" time="0.671" /><testcase classname="tests.test_mobile_map_properties" name="test_phase2_reassignment_moves_visibility_and_deactivation_removes_it" time="1.527" /><testcase classname="tests.test_mobile_map_properties" name="test_phase2_map_endpoint_still_canvass_independent_after_deactivation" time="0.941" /></testsuite></testsuites>