<?xml version="1.0" encoding="utf-8"?><testsuites name="pytest tests"><testsuite name="pytest" errors="0" failures="0" skipped="0" tests="6" time="2.069" timestamp="2026-08-08T06:07:32.784976+00:00" hostname="agent-env-5522c5b9-b199-4848-9c3a-12fef3aea388"><testcase classname="tests.test_backup_status.TestRegressionSanity" name="test_health" time="0.201" /><testcase classname="tests.test_backup_status.TestBackupStatusRBAC" name="test_unauthenticated_returns_401" time="0.204" /><testcase classname="tests.test_backup_status.TestRegressionSanity" name="test_users_list_owner" time="0.578" /><testcase classname="tests.test_backup_status.TestBackupStatusRBAC" name="test_owner_gets_200_with_expected_shape" time="0.671" /><testcase classname="tests.test_backup_status.TestRegressionSanity" name="test_materials_list_owner" time="0.108" /><testcase classname="tests.test_backup_status.TestBackupStatusRBAC" name="test_sales_user_forbidden_403" time="0.875" /></testsuite></testsuites>