<?xml version="1.0" encoding="utf-8"?><testsuites name="pytest tests"><testsuite name="pytest" errors="0" failures="0" skipped="0" tests="30" time="86.483" timestamp="2026-08-22T23:55:31.167152+00:00" hostname="agent-env-a8d2d342-f923-48b7-b208-bce3ecca5aec"><testcase classname="tests.test_supplier_framework" name="test_abc_supplier_advertises_capabilities_manual_does_not" time="0.455" /><testcase classname="tests.test_supplier_framework" name="test_supplier_crud_and_deactivate" time="0.847" /><testcase classname="tests.test_supplier_framework" name="test_manual_supplier_material_price_history_and_best_known_cost" time="1.024" /><testcase classname="tests.test_purchasing_pricing_output" name="test_po_status_history_records_real_events_no_dupes" time="1.302" /><testcase classname="tests.test_purchasing_pricing_output" name="test_price_book_auto_applies_general_markup_rule" time="0.995" /><testcase classname="tests.test_purchasing_pricing_output" name="test_price_book_exact_material_rule_wins_over_general" time="0.979" /><testcase classname="tests.test_purchasing_pricing_output" name="test_user_price_override_respected_over_price_book" time="1.020" /><testcase classname="tests.test_purchasing_pricing_output" name="test_price_book_switch_preview_and_apply" time="1.171" /><testcase classname="tests.test_purchasing_pricing_output" name="test_margin_policy_warning_only" time="0.891" /><testcase classname="tests.test_purchasing_pricing_output" name="test_proposal_json_is_customer_safe" time="0.917" /><testcase classname="tests.test_purchasing_pricing_output" name="test_proposal_pdf_generates" time="30.999" /><testcase classname="tests.test_purchasing_pricing_output" name="test_sales_can_view_customer_proposal" time="21.678" /><testcase classname="tests.test_purchasing_pricing_output" name="test_cost_overrun_alert_flag" time="1.643" /><testcase classname="tests.test_purchasing_pricing_output" name="test_csv_exports_owner_ok_sales_denied" time="7.861" /><testcase classname="tests.test_spec_closure_dashboard" name="test_purchasing_dashboard_real_data_and_actions" time="1.441" /><testcase classname="tests.test_spec_closure_dashboard" name="test_dashboard_hides_cost_from_sales" time="2.179" /><testcase classname="tests.test_spec_closure_dashboard" name="test_inventory_on_hand_report_and_csv" time="1.758" /><testcase classname="tests.test_spec_closure_dashboard" name="test_inventory_report_rbac" time="1.859" /><testcase classname="tests.test_estimating_modernization" name="test_waste_calculated_quantity" time="0.000" /><testcase classname="tests.test_estimating_modernization" name="test_markup_vs_margin_distinct" time="0.000" /><testcase classname="tests.test_estimating_modernization" name="test_order_quantity_ceil" time="0.000" /><testcase classname="tests.test_estimating_modernization" name="test_compute_line_markup_mode" time="0.000" /><testcase classname="tests.test_estimating_modernization" name="test_summarize_margin" time="0.000" /><testcase classname="tests.test_estimating_modernization" name="test_default_price_book_exists" time="0.504" /><testcase classname="tests.test_estimating_modernization" name="test_estimate_waste_and_summary" time="0.473" /><testcase classname="tests.test_estimating_modernization" name="test_assembly_create_expand_versioning" time="0.677" /><testcase classname="tests.test_estimating_modernization" name="test_quote_hides_cost_and_snapshots" time="0.566" /><testcase classname="tests.test_estimating_modernization" name="test_multi_package_quote_accept" time="4.192" /><testcase classname="tests.test_estimating_modernization" name="test_cost_refresh_preview_no_autoapply" time="0.539" /><testcase classname="tests.test_estimating_modernization" name="test_legacy_custom_estimate_still_works" time="0.436" /></testsuite></testsuites>