<?xml version="1.0" encoding="utf-8"?><testsuites name="pytest tests"><testsuite name="pytest" errors="0" failures="0" skipped="0" tests="37" time="13.414" timestamp="2026-08-10T09:45:18.852449+00:00" hostname="agent-env-12efb3e1-6aa1-484b-87c0-0b3166639bc1"><testcase classname="tests.test_control_plane" name="test_activation_issues_verifiable_entitlement" time="0.138" /><testcase classname="tests.test_control_plane" name="test_activation_seat_bounds_clamped" time="0.213" /><testcase classname="tests.test_control_plane" name="test_activation_bad_credential_rejected" time="0.109" /><testcase classname="tests.test_control_plane" name="test_signed_refresh_succeeds" time="0.212" /><testcase classname="tests.test_control_plane" name="test_replay_nonce_rejected" time="0.321" /><testcase classname="tests.test_control_plane" name="test_stale_timestamp_rejected" time="0.204" /><testcase classname="tests.test_control_plane" name="test_bad_signature_rejected" time="0.207" /><testcase classname="tests.test_control_plane" name="test_missing_headers_rejected" time="0.104" /><testcase classname="tests.test_control_plane" name="test_revoked_installation_cannot_refresh" time="0.299" /><testcase classname="tests.test_control_plane" name="test_revoke_requires_admin" time="0.209" /><testcase classname="tests.test_control_plane" name="test_signing_key_rotation_retains_verification" time="0.309" /><testcase classname="tests.test_control_plane" name="test_subscription_update_reflected_in_entitlement" time="0.317" /><testcase classname="tests.test_control_plane" name="test_version_policy_get_and_update" time="0.298" /><testcase classname="tests.test_control_plane" name="test_version_policy_update_requires_admin" time="0.096" /><testcase classname="tests.test_control_plane" name="test_reqsig_roundtrip_and_tamper_detection" time="0.001" /><testcase classname="tests.test_control_plane" name="test_trusted_cp_keys_cache_roundtrip" time="0.002" /><testcase classname="tests.test_control_plane" name="test_http_client_fetch_entitlement_end_to_end" time="0.289" /><testcase classname="tests.test_licensing_api" name="test_subscription_status_shape" time="0.963" /><testcase classname="tests.test_licensing_api" name="test_license_status_verified_and_signed" time="0.970" /><testcase classname="tests.test_licensing_api" name="test_license_status_requires_sensitive_role" time="1.687" /><testcase classname="tests.test_licensing_api" name="test_suspended_blocks_business_but_allows_recovery" time="1.744" /><testcase classname="tests.test_licensing_api" name="test_cancelled_blocks_business" time="1.065" /><testcase classname="tests.test_licensing_api" name="test_reactivation_unlocks_business" time="1.318" /><testcase classname="tests.test_licensing_api" name="test_billing_link_endpoint" time="0.958" /><testcase classname="tests.test_licensing_api" name="test_refresh_endpoint" time="0.949" /><testcase classname="tests.test_kms_signer" name="test_kms_sign_uses_ed25519_sha512_raw_and_canonical_bytes" time="0.000" /><testcase classname="tests.test_kms_signer" name="test_kms_public_key_pem_matches_key" time="0.000" /><testcase classname="tests.test_kms_signer" name="test_kms_signed_jws_verifies_with_exported_public_key" time="0.001" /><testcase classname="tests.test_kms_signer" name="test_kms_sign_missing_signature_raises" time="0.000" /><testcase classname="tests.test_kms_signer" name="test_kms_public_key_missing_raises" time="0.000" /><testcase classname="tests.test_kms_signer" name="test_kms_unavailable_propagates" time="0.000" /><testcase classname="tests.test_kms_signer" name="test_build_signer_kms_requires_key_id" time="0.000" /><testcase classname="tests.test_kms_signer" name="test_build_signer_production_never_local" time="0.000" /><testcase classname="tests.test_kms_signer" name="test_local_signer_still_functional" time="0.000" /><testcase classname="tests.test_kms_issuance" name="test_live_issuance_uses_kms_and_verifies" time="0.027" /><testcase classname="tests.test_kms_issuance" name="test_validate_active_key_mismatch_fails" time="0.001" /><testcase classname="tests.test_kms_issuance" name="test_rotation_old_and_new_kids_coexist" time="0.001" /></testsuite></testsuites>