<?xml version="1.0" encoding="utf-8"?><testsuites name="pytest tests"><testsuite name="pytest" errors="0" failures="0" skipped="0" tests="6" time="9.094" timestamp="2026-08-22T20:19:44.061156+00:00" hostname="agent-env-a8d2d342-f923-48b7-b208-bce3ecca5aec"><testcase classname="tests.test_job_material_automation" name="test_generate_from_quote_idempotent" time="1.785" /><testcase classname="tests.test_job_material_automation" name="test_required_uses_snapshot_waste" time="1.416" /><testcase classname="tests.test_job_material_automation" name="test_reservation_does_not_change_on_hand" time="1.702" /><testcase classname="tests.test_job_material_automation" name="test_purchase_proposal_shows_shortage_and_suppliers" time="1.494" /><testcase classname="tests.test_job_material_automation" name="test_reorder_suggestions_endpoint" time="0.569" /><testcase classname="tests.test_job_material_automation" name="test_incoming_only_counts_job_linked_po" time="1.760" /></testsuite></testsuites>