<?xml version="1.0" encoding="utf-8"?><testsuites name="pytest tests"><testsuite name="pytest" errors="0" failures="0" skipped="0" tests="3" time="2.915" timestamp="2026-09-07T02:48:49.321378+00:00" hostname="agent-env-2755af5b-c396-4251-8f04-de7c1f652907"><testcase classname="tests.test_abc_po_jobmaterialplan_body" name="test_jmp_body_no_ship_to_uses_defaults_and_is_submittable" time="2.105" /><testcase classname="tests.test_abc_po_jobmaterialplan_body" name="test_jmp_body_missing_defaults_downgrades" time="0.478" /><testcase classname="tests.test_abc_po_jobmaterialplan_body" name="test_explicit_po_ship_to_branch_not_overwritten_by_defaults" time="0.257" /></testsuite></testsuites>