<?xml version="1.0" encoding="utf-8"?><testsuites name="pytest tests"><testsuite name="pytest" errors="0" failures="0" skipped="0" tests="26" time="8.145" timestamp="2026-09-07T22:37:48.649224+00:00" hostname="agent-env-2755af5b-c396-4251-8f04-de7c1f652907"><testcase classname="tests.test_canvass_sections" name="test_preview_membership_and_containment" time="1.522" /><testcase classname="tests.test_mobile_map_properties" name="test_management_sees_full_authorized_map" time="1.622" /><testcase classname="tests.test_canvass_sections" name="test_sales_cannot_create" time="0.165" /><testcase classname="tests.test_mobile_map_properties" name="test_sales_scoped_to_assigned_territories" time="0.190" /><testcase classname="tests.test_canvass_sections" name="test_invalid_territory_and_polygon" time="0.338" /><testcase classname="tests.test_mobile_map_properties" name="test_sales_zero_sections_gets_empty_feature_collection" time="0.140" /><testcase classname="tests.test_mobile_map_properties" name="test_feature_geometry_and_properties_shape" time="0.384" /><testcase classname="tests.test_canvass_sections" name="test_create_assign_membership_and_dnk" time="0.516" /><testcase classname="tests.test_mobile_map_properties" name="test_endpoint_requires_auth" time="0.121" /><testcase classname="tests.test_mobile_map_properties" name="test_canvass_sections_isolation_regression" time="0.620" /><testcase classname="tests.test_canvass_sections" name="test_overlap_blocks_save" time="0.623" /><testcase classname="tests.test_mobile_api.TestOfficeRegression" name="test_health" time="0.124" /><testcase classname="tests.test_canvass_sections" name="test_edit_geometry_recomputes" time="0.558" /><testcase classname="tests.test_mobile_api.TestOfficeRegression" name="test_leads_list" time="0.577" /><testcase classname="tests.test_canvass_sections" name="test_reassign_and_unassign" time="0.599" /><testcase classname="tests.test_mobile_api.TestOfficeRegression" name="test_jobs_list" time="0.185" /><testcase classname="tests.test_mobile_api.TestOfficeRegression" name="test_backup_status_unauth_401" time="0.121" /><testcase classname="tests.test_mobile_api.TestRBAC" name="test_unauth_visit_401" time="0.278" /><testcase classname="tests.test_canvass_sections" name="test_delete_preserves_properties" time="0.686" /><testcase classname="tests.test_canvass_sections" name="test_mobile_sales_visibility_isolation" time="0.864" /><testcase classname="tests.test_mobile_api.TestRBAC" name="test_sales_blocked_from_unauthorized_property_visit" time="0.989" /><testcase classname="tests.test_mobile_api.TestRBAC" name="test_field_role_can_create_visit" time="0.129" /><testcase classname="tests.test_mobile_api.TestIdempotentVisit" name="test_visit_idempotent_replay" time="0.391" /><testcase classname="tests.test_mobile_api.TestPhotos" name="test_upload_list_content_and_invalid_type" time="1.161" /><testcase classname="tests.test_mobile_api.TestInspectionFlow" name="test_inspection_idempotent_and_conflict" time="1.473" /><testcase classname="tests.test_mobile_api.TestInspectionFlow" name="test_idem_key_reuse_different_op" time="0.288" /></testsuite></testsuites>