<?xml version="1.0" encoding="utf-8"?><testsuites name="pytest tests"><testsuite name="pytest" errors="0" failures="0" skipped="0" tests="9" time="2.894" timestamp="2026-08-28T00:14:27.181060+00:00" hostname="agent-env-a8d2d342-f923-48b7-b208-bce3ecca5aec"><testcase classname="tests.test_measurements_pytest.TestMeasurementLifecycle" name="test_create_draft_and_derived_totals" time="0.957" /><testcase classname="tests.test_measurements_pytest.TestMeasurementLifecycle" name="test_get_and_list" time="0.284" /><testcase classname="tests.test_measurements_pytest.TestMobile" name="test_mobile_create_idempotent_and_field_complete" time="1.969" /><testcase classname="tests.test_measurements_pytest.TestMeasurementLifecycle" name="test_put_replaces_draft_and_recomputes" time="0.148" /><testcase classname="tests.test_measurements_pytest.TestMeasurementLifecycle" name="test_status_transitions_and_lock" time="0.535" /><testcase classname="tests.test_measurements_pytest.TestMeasurementLifecycle" name="test_put_on_locked_rejected_409" time="0.195" /><testcase classname="tests.test_measurements_pytest.TestMeasurementLifecycle" name="test_delete_on_locked_rejected_409" time="0.141" /><testcase classname="tests.test_measurements_pytest.TestMeasurementLifecycle" name="test_new_revision_clones_from_locked" time="0.143" /><testcase classname="tests.test_measurements_pytest.TestMeasurementLifecycle" name="test_delete_draft_succeeds" time="0.157" /></testsuite></testsuites>