<?xml version="1.0" encoding="utf-8"?><testsuites name="pytest tests"><testsuite name="pytest" errors="0" failures="0" skipped="0" tests="5" time="3.011" timestamp="2026-09-06T17:40:46.371474+00:00" hostname="agent-env-14dc0aa3-d640-4284-b599-c0e952e181b3"><testcase classname="tests.test_mobile_measurements_ack" name="test_create_measurement_returns_authoritative_revision" time="1.065" /><testcase classname="tests.test_mobile_measurements_ack" name="test_idempotent_create_returns_same_revision" time="0.375" /><testcase classname="tests.test_mobile_measurements_ack" name="test_list_and_get_return_authoritative" time="0.463" /><testcase classname="tests.test_mobile_measurements_ack" name="test_update_success_changes_updated_at" time="0.322" /><testcase classname="tests.test_mobile_measurements_ack" name="test_stale_if_match_conflict_returns_detail_server" time="0.463" /></testsuite></testsuites>