<?xml version="1.0" encoding="utf-8"?><testsuites name="pytest tests"><testsuite name="pytest" errors="0" failures="0" skipped="0" tests="10" time="6.591" timestamp="2026-08-08T11:43:01.649312+00:00" hostname="agent-env-5522c5b9-b199-4848-9c3a-12fef3aea388"><testcase classname="tests.test_mobile_api.TestOfficeRegression" name="test_health" time="0.357" /><testcase classname="tests.test_mobile_api.TestOfficeRegression" name="test_leads_list" time="0.481" /><testcase classname="tests.test_mobile_api.TestInspectionFlow" name="test_inspection_idempotent_and_conflict" time="1.226" /><testcase classname="tests.test_mobile_api.TestOfficeRegression" name="test_jobs_list" time="0.169" /><testcase classname="tests.test_mobile_api.TestOfficeRegression" name="test_backup_status_unauth_401" time="0.129" /><testcase classname="tests.test_mobile_api.TestInspectionFlow" name="test_idem_key_reuse_different_op" time="0.192" /><testcase classname="tests.test_mobile_api.TestIdempotentVisit" name="test_visit_idempotent_replay" time="0.449" /><testcase classname="tests.test_mobile_api.TestRBAC" name="test_unauth_visit_401" time="0.100" /><testcase classname="tests.test_mobile_api.TestPhotos" name="test_upload_list_content_and_invalid_type" time="4.696" /><testcase classname="tests.test_mobile_api.TestRBAC" name="test_sales_can_create_visit" time="4.674" /></testsuite></testsuites>