<?xml version="1.0" encoding="utf-8"?><testsuites name="pytest tests"><testsuite name="pytest" errors="0" failures="0" skipped="0" tests="16" time="4.954" timestamp="2026-08-22T00:12:44.282991+00:00" hostname="agent-env-a8d2d342-f923-48b7-b208-bce3ecca5aec"><testcase classname="tests.test_abc_supply_p4_api.TestRegistration" name="test_register_returns_reg_state" time="0.697" /><testcase classname="tests.test_abc_supply_p4_api.TestRegistration" name="test_status_shows_registration" time="0.147" /><testcase classname="tests.test_abc_supply_p4_api.TestRegistration" name="test_register_is_idempotent_reconcile" time="0.286" /><testcase classname="tests.test_abc_supply_p4_api.TestWebhookAuth" name="test_missing_auth_401" time="0.123" /><testcase classname="tests.test_abc_supply_p4_api.TestWebhookAuth" name="test_wrong_auth_401" time="0.121" /><testcase classname="tests.test_abc_supply_p4_api.TestWebhookAuth" name="test_public_ingress_does_not_require_jwt" time="0.562" /><testcase classname="tests.test_abc_supply_p4_api.TestOrderUpdateFlow" name="test_order_update_applies_to_po" time="0.268" /><testcase classname="tests.test_abc_supply_p4_api.TestOrderUpdateFlow" name="test_duplicate_event_is_idempotent" time="0.452" /><testcase classname="tests.test_abc_supply_p4_api.TestOfflineReconnect" name="test_offline_queue_then_reconnect_delivers_once" time="0.729" /><testcase classname="tests.test_abc_supply_p4_api.TestNoAutoReceive" name="test_shipped_does_not_receive_inventory" time="0.117" /><testcase classname="tests.test_abc_supply_p4_api.TestOrderInvoiced" name="test_invoiced_via_authorization_header" time="0.243" /><testcase classname="tests.test_abc_supply_p4_api.TestOrderInvoiced" name="test_invoiced_via_apikey_field" time="0.301" /><testcase classname="tests.test_abc_supply_p4_api.TestUnmatched" name="test_unknown_po_returns_unmatched" time="0.134" /><testcase classname="tests.test_abc_supply_p4_api.TestRBAC" name="test_sales_cannot_register" time="0.447" /><testcase classname="tests.test_abc_supply_p4_api.TestRBAC" name="test_sales_cannot_status" time="0.149" /><testcase classname="tests.test_abc_supply_p4_api.TestRBAC" name="test_sales_cannot_reconnect" time="0.094" /></testsuite></testsuites>