<?xml version="1.0" encoding="utf-8"?><testsuites name="pytest tests"><testsuite name="pytest" errors="0" failures="0" skipped="0" tests="19" time="5.532" timestamp="2026-08-08T05:02:09.898813+00:00" hostname="agent-env-5522c5b9-b199-4848-9c3a-12fef3aea388"><testcase classname="tests.phase4_test" name="test_material_create_and_low_stock_flag" time="0.638" /><testcase classname="tests.phase4_test" name="test_material_list_and_filter" time="0.217" /><testcase classname="tests.phase4_test" name="test_material_patch" time="0.244" /><testcase classname="tests.phase4_test" name="test_material_adjust_positive_and_flag_flip" time="0.106" /><testcase classname="tests.phase4_test" name="test_material_adjust_negative_guard" time="0.137" /><testcase classname="tests.phase4_test" name="test_job_schedule_no_datetime_serialization_error" time="1.050" /><testcase classname="tests.phase4_test" name="test_job_schedule_repeat_no_error" time="0.315" /><testcase classname="tests.phase4_test" name="test_add_job_material_and_list" time="0.218" /><testcase classname="tests.phase4_test" name="test_job_detail_includes_materials_and_pos" time="0.207" /><testcase classname="tests.phase4_test" name="test_create_purchase_order" time="0.112" /><testcase classname="tests.phase4_test" name="test_list_and_get_po" time="0.305" /><testcase classname="tests.phase4_test" name="test_receive_partial" time="0.199" /><testcase classname="tests.phase4_test" name="test_receive_partial_idempotent_no_double_count" time="0.193" /><testcase classname="tests.phase4_test" name="test_receive_remaining_becomes_fully_received" time="0.218" /><testcase classname="tests.phase4_test" name="test_receive_over_quantity_rejected" time="0.100" /><testcase classname="tests.phase4_test" name="test_rbac_sales_blocked_material_create" time="0.756" /><testcase classname="tests.phase4_test" name="test_rbac_sales_blocked_job_patch" time="0.139" /><testcase classname="tests.phase4_test" name="test_rbac_sales_blocked_po_create_and_receive" time="0.194" /><testcase classname="tests.phase4_test" name="test_rbac_sales_can_list_materials" time="0.101" /></testsuite></testsuites>