<?xml version="1.0" encoding="utf-8"?><testsuites name="pytest tests"><testsuite name="pytest" errors="0" failures="0" skipped="0" tests="14" time="4.474" timestamp="2026-08-08T04:37:34.899794+00:00" hostname="agent-env-5522c5b9-b199-4848-9c3a-12fef3aea388"><testcase classname="tests.phase3_test" name="test_lead_detail_enriched" time="1.121" /><testcase classname="tests.phase3_test" name="test_customer_from_lead_idempotent" time="0.312" /><testcase classname="tests.phase3_test" name="test_inspection_create_and_list" time="0.261" /><testcase classname="tests.phase3_test" name="test_estimate_server_totals" time="0.146" /><testcase classname="tests.phase3_test" name="test_estimate_idempotency" time="0.208" /><testcase classname="tests.phase3_test" name="test_estimate_optimistic_concurrency_conflict" time="0.099" /><testcase classname="tests.phase3_test" name="test_quote_from_estimate" time="0.119" /><testcase classname="tests.phase3_test" name="test_quote_accept_creates_job_idempotent" time="0.343" /><testcase classname="tests.phase3_test" name="test_accepted_quote_cannot_be_edited" time="0.099" /><testcase classname="tests.phase3_test" name="test_invoice_from_quote_and_status" time="0.325" /><testcase classname="tests.phase3_test" name="test_rbac_sales_can_create_estimate_and_customer" time="0.851" /><testcase classname="tests.phase3_test" name="test_rbac_sales_forbidden_invoices_accept_territories" time="0.305" /><testcase classname="tests.phase3_test" name="test_rbac_sales_cannot_list_invoices" time="0.102" /><testcase classname="tests.phase3_test" name="test_audit_contains_phase3_actions" time="0.109" /></testsuite></testsuites>