<?xml version="1.0" encoding="utf-8"?><testsuites name="pytest tests"><testsuite name="pytest" errors="0" failures="0" skipped="0" tests="17" time="8.103" timestamp="2026-08-08T04:04:05.208200+00:00" hostname="agent-env-5522c5b9-b199-4848-9c3a-12fef3aea388"><testcase classname="tests.phase2_test" name="test_territory_create_and_list" time="0.728" /><testcase classname="tests.phase2_test" name="test_territory_update" time="0.115" /><testcase classname="tests.phase2_test" name="test_territory_rbac_sales_forbidden" time="0.939" /><testcase classname="tests.phase2_test" name="test_territory_invalid_polygon_422" time="0.248" /><testcase classname="tests.phase2_test" name="test_import_preview_sample_mode" time="0.113" /><testcase classname="tests.phase2_test" name="test_import_preview_forbidden_for_sales" time="0.104" /><testcase classname="tests.phase2_test" name="test_import_creates_properties" time="0.360" /><testcase classname="tests.phase2_test" name="test_import_is_idempotent" time="0.463" /><testcase classname="tests.phase2_test" name="test_import_forbidden_for_sales" time="0.104" /><testcase classname="tests.phase2_test" name="test_properties_geojson" time="0.101" /><testcase classname="tests.phase2_test" name="test_property_detail" time="0.220" /><testcase classname="tests.phase2_test" name="test_sales_can_toggle_dnk" time="0.402" /><testcase classname="tests.phase2_test" name="test_visit_with_dnk_outcome_flips_property" time="0.304" /><testcase classname="tests.phase2_test" name="test_convert_to_lead_falls_back_to_owner_name" time="0.411" /><testcase classname="tests.phase2_test" name="test_change_password_wrong_current_400" time="0.334" /><testcase classname="tests.phase2_test" name="test_change_password_roundtrip_reverts" time="2.148" /><testcase classname="tests.phase2_test" name="test_delete_territory_preserves_properties" time="0.520" /></testsuite></testsuites>