<?xml version="1.0" encoding="utf-8"?><testsuites name="pytest tests"><testsuite name="pytest" errors="0" failures="0" skipped="0" tests="19" time="8.011" timestamp="2026-08-08T03:43:38.382684+00:00" hostname="agent-env-5522c5b9-b199-4848-9c3a-12fef3aea388"><testcase classname="tests.backend_test" name="test_health" time="0.198" /><testcase classname="tests.backend_test" name="test_owner_login_and_me" time="0.483" /><testcase classname="tests.backend_test" name="test_login_wrong_password" time="0.391" /><testcase classname="tests.backend_test" name="test_login_creates_audit_entry" time="0.102" /><testcase classname="tests.backend_test" name="test_rbac_sales_forbidden_endpoints" time="1.109" /><testcase classname="tests.backend_test" name="test_rbac_sales_allowed_endpoints" time="0.312" /><testcase classname="tests.backend_test" name="test_no_auth_returns_401" time="0.096" /><testcase classname="tests.backend_test" name="test_list_users_owner" time="0.098" /><testcase classname="tests.backend_test" name="test_create_user_and_login" time="0.662" /><testcase classname="tests.backend_test" name="test_duplicate_email_returns_409" time="0.423" /><testcase classname="tests.backend_test" name="test_update_role_and_status" time="0.102" /><testcase classname="tests.backend_test" name="test_reset_password" time="0.982" /><testcase classname="tests.backend_test" name="test_cannot_deactivate_self" time="0.228" /><testcase classname="tests.backend_test" name="test_only_owner_can_assign_owner_role" time="1.167" /><testcase classname="tests.backend_test" name="test_integrations_list_owner" time="0.100" /><testcase classname="tests.backend_test" name="test_rentcast_secret_set_mask_and_clear" time="0.716" /><testcase classname="tests.backend_test" name="test_map_config_default" time="0.098" /><testcase classname="tests.backend_test" name="test_map_config_satellite_effectively_false_without_maptiler" time="0.146" /><testcase classname="tests.backend_test" name="test_audit_list_reflects_recent_actions" time="0.102" /></testsuite></testsuites>