<?xml version="1.0" encoding="utf-8"?><testsuites name="pytest tests"><testsuite name="pytest" errors="0" failures="0" skipped="0" tests="4" time="2.494" timestamp="2026-08-23T17:16:39.959502+00:00" hostname="agent-env-a8d2d342-f923-48b7-b208-bce3ecca5aec"><testcase classname="tests.test_quote_from_estimate" name="test_quote_from_estimate_carries_qty_and_price" time="0.864" /><testcase classname="tests.test_quote_from_estimate" name="test_quote_from_estimate_with_measured_quantity_only" time="0.426" /><testcase classname="tests.test_quote_from_estimate" name="test_quote_from_estimate_multi_line" time="0.293" /><testcase classname="tests.test_quote_from_estimate" name="test_accepted_quote_cannot_be_deleted_or_edited" time="0.847" /></testsuite></testsuites>