<?xml version="1.0" encoding="utf-8"?><testsuites name="pytest tests"><testsuite name="pytest" errors="0" failures="0" skipped="0" tests="15" time="5.939" timestamp="2026-08-14T17:39:46.834435+00:00" hostname="agent-env-923ad6dd-f57c-4ae5-b939-5bcfdbcbd7c6"><testcase classname="tests.test_routes_feature" name="test_create_route_returns_detail" time="0.781" /><testcase classname="tests.test_routes_feature" name="test_sales_cannot_create" time="0.497" /><testcase classname="tests.test_routes_feature" name="test_create_requires_stops" time="0.161" /><testcase classname="tests.test_routes_feature" name="test_list_manager_sees_route" time="0.128" /><testcase classname="tests.test_routes_feature" name="test_list_sales_sees_only_assigned" time="0.710" /><testcase classname="tests.test_routes_feature" name="test_get_detail_sales_not_assigned_403" time="0.143" /><testcase classname="tests.test_routes_feature" name="test_get_detail_assigned_sales_200" time="0.162" /><testcase classname="tests.test_routes_feature" name="test_assign_invalid_user_422" time="0.143" /><testcase classname="tests.test_routes_feature" name="test_assign_sales_forbidden" time="0.173" /><testcase classname="tests.test_routes_feature" name="test_reassign_and_unassign" time="0.515" /><testcase classname="tests.test_routes_feature" name="test_stop_update_and_status_transition" time="0.960" /><testcase classname="tests.test_routes_feature" name="test_non_assigned_sales_cannot_update_stop" time="0.297" /><testcase classname="tests.test_routes_feature" name="test_sales_cannot_delete" time="0.126" /><testcase classname="tests.test_routes_feature" name="test_delete_cascades" time="0.508" /><testcase classname="tests.test_routes_feature" name="test_property_address_enrichment" time="0.580" /></testsuite></testsuites>