<?xml version="1.0" encoding="utf-8"?><testsuites name="pytest tests"><testsuite name="pytest" errors="0" failures="0" skipped="0" tests="28" time="8.516" timestamp="2026-09-07T23:00:43.300527+00:00" hostname="agent-env-2755af5b-c396-4251-8f04-de7c1f652907"><testcase classname="tests.test_canvass_sections" name="test_preview_membership_and_containment" time="1.489" /><testcase classname="tests.test_mobile_map_properties" name="test_management_sees_full_authorized_map" time="1.597" /><testcase classname="tests.test_canvass_sections" name="test_sales_cannot_create" time="0.184" /><testcase classname="tests.test_mobile_map_properties" name="test_sales_scoped_to_assigned_territories" time="0.147" /><testcase classname="tests.test_canvass_sections" name="test_invalid_territory_and_polygon" time="0.293" /><testcase classname="tests.test_mobile_map_properties" name="test_sales_zero_sections_gets_empty_feature_collection" time="0.139" /><testcase classname="tests.test_mobile_map_properties" name="test_feature_geometry_and_properties_shape" time="0.482" /><testcase classname="tests.test_canvass_sections" name="test_create_assign_membership_and_dnk" time="0.428" /><testcase classname="tests.test_mobile_map_properties" name="test_endpoint_requires_auth" time="0.141" /><testcase classname="tests.test_canvass_sections" name="test_overlap_blocks_save" time="0.612" /><testcase classname="tests.test_mobile_map_properties" name="test_RT1_no_canvass_assignment_returns_populated_or_valid_empty_state" time="0.123" /><testcase classname="tests.test_mobile_map_properties" name="test_RT_authorization_map_endpoint_does_not_widen_scope" time="0.722" /><testcase classname="tests.test_canvass_sections" name="test_edit_geometry_recomputes" time="0.402" /><testcase classname="tests.test_mobile_map_properties" name="test_canvass_sections_isolation_regression" time="0.543" /><testcase classname="tests.test_canvass_sections" name="test_reassign_and_unassign" time="0.584" /><testcase classname="tests.test_mobile_api.TestOfficeRegression" name="test_health" time="0.152" /><testcase classname="tests.test_canvass_sections" name="test_delete_preserves_properties" time="0.607" /><testcase classname="tests.test_mobile_api.TestOfficeRegression" name="test_leads_list" time="0.574" /><testcase classname="tests.test_canvass_sections" name="test_mobile_sales_visibility_isolation" time="0.866" /><testcase classname="tests.test_mobile_api.TestOfficeRegression" name="test_jobs_list" time="0.182" /><testcase classname="tests.test_mobile_api.TestOfficeRegression" name="test_backup_status_unauth_401" time="0.123" /><testcase classname="tests.test_mobile_api.TestInspectionFlow" name="test_inspection_idempotent_and_conflict" time="0.910" /><testcase classname="tests.test_mobile_api.TestInspectionFlow" name="test_idem_key_reuse_different_op" time="0.341" /><testcase classname="tests.test_mobile_api.TestRBAC" name="test_unauth_visit_401" time="0.623" /><testcase classname="tests.test_mobile_api.TestIdempotentVisit" name="test_visit_idempotent_replay" time="0.774" /><testcase classname="tests.test_mobile_api.TestRBAC" name="test_sales_blocked_from_unauthorized_property_visit" time="0.890" /><testcase classname="tests.test_mobile_api.TestPhotos" name="test_upload_list_content_and_invalid_type" time="0.984" /><testcase classname="tests.test_mobile_api.TestRBAC" name="test_field_role_can_create_visit" time="0.125" /></testsuite></testsuites>