<?xml version="1.0" encoding="utf-8"?><testsuites name="pytest tests"><testsuite name="pytest" errors="0" failures="0" skipped="0" tests="5" time="3.245" timestamp="2026-09-03T19:09:32.986900+00:00" hostname="agent-env-c988dfbe-67d7-4492-9259-3a7d15c1c889"><testcase classname="tests.test_site_plan_and_offset" name="test_get_returns_position_offset_ft_and_site_plan" time="0.598" /><testcase classname="tests.test_site_plan_and_offset" name="test_multi_structure_revision_has_fields" time="0.183" /><testcase classname="tests.test_site_plan_and_offset" name="test_roundtrip_offset_and_site_plan" time="1.336" /><testcase classname="tests.test_site_plan_and_offset" name="test_null_site_plan_preserves_previous" time="0.429" /><testcase classname="tests.test_site_plan_and_offset" name="test_explicit_site_plan_overwrite" time="0.635" /></testsuite></testsuites>